16/11/2018 09:29:50.968  INFO  LaserModule初始化失败！
17/11/2018 20:57:02.906  INFO  LaserModule初始化失败！
17/11/2018 20:57:20.609  INFO  LaserModule初始化失败！
24/11/2018 14:58:44.562  INFO  系统未开机，该操作无效
24/11/2018 14:58:47.500  INFO  系统未开机，该操作无效
24/11/2018 14:58:51.421  INFO  系统未开机，该操作无效
24/11/2018 15:01:36.687  INFO  系统未开机，该操作无效
24/11/2018 15:01:46.843  INFO  系统未开机，该操作无效
24/11/2018 15:01:56.156  INFO  系统未开机，该操作无效
24/11/2018 15:02:04.796  INFO  系统未开机，该操作无效
24/11/2018 15:17:17.171  INFO  系统未开机，该操作无效
24/11/2018 15:21:40.265  INFO  系统未开机，该操作无效
24/11/2018 15:21:43.140  INFO  系统未开机，该操作无效
24/11/2018 15:22:51.812  INFO  系统未开机，该操作无效
24/11/2018 15:25:38.843  INFO  系统未开机，该操作无效
24/11/2018 15:25:41.968  INFO  系统未开机，该操作无效
24/11/2018 15:25:42.796  INFO  系统未开机，该操作无效
24/11/2018 15:25:44.468  INFO  系统未开机，该操作无效
24/11/2018 15:25:46.109  INFO  系统未开机，该操作无效
24/11/2018 15:32:15.062  INFO  图像模块初始化失败，系统开机失败
24/11/2018 15:32:23.359  INFO  图像模块初始化失败，系统开机失败
24/11/2018 16:01:18.671  INFO  系统开机成功
24/11/2018 16:34:58.406  INFO  图像模块相机 未连接，系统开机失败
24/11/2018 16:57:10.375  INFO  图像模块相机 未连接，系统开机失败
24/11/2018 16:57:12.796  INFO  系统未开机，该操作无效
24/11/2018 19:08:24.859  INFO  测距模块初始化失败，系统开机失败
24/11/2018 19:19:19.968  INFO  系统开机成功
24/11/2018 20:47:46.656  INFO  系统未开机，该操作无效
24/11/2018 20:47:47.781  INFO  系统未开机，该操作无效
24/11/2018 20:48:20.046  INFO  系统未开机，该操作无效
24/11/2018 20:49:55.812  INFO  系统未开机，该操作无效
24/11/2018 20:49:56.718  INFO  系统未开机，该操作无效
24/11/2018 20:49:57.218  INFO  系统未开机，该操作无效
24/11/2018 20:49:57.453  INFO  系统未开机，该操作无效
24/11/2018 20:49:57.921  INFO  系统未开机，该操作无效
24/11/2018 20:49:59.187  INFO  系统未开机，该操作无效
24/11/2018 20:49:59.390  INFO  系统未开机，该操作无效
24/11/2018 20:49:59.609  INFO  系统未开机，该操作无效
24/11/2018 20:50:31.140  INFO  系统未开机，该操作无效
24/11/2018 20:50:32.968  INFO  系统未开机，该操作无效
24/11/2018 20:50:32.218  INFO  系统未开机，该操作无效
24/11/2018 20:50:32.578  INFO  系统未开机，该操作无效
24/11/2018 20:50:32.843  INFO  系统未开机，该操作无效
24/11/2018 20:53:33.171  INFO  系统未开机，该操作无效
24/11/2018 20:55:35.515  INFO  系统未开机，该操作无效
24/11/2018 20:55:36.328  INFO  系统未开机，该操作无效
24/11/2018 20:55:36.640  INFO  系统未开机，该操作无效
24/11/2018 20:55:36.890  INFO  系统未开机，该操作无效
24/11/2018 20:55:37.171  INFO  系统未开机，该操作无效
24/11/2018 20:55:40.468  INFO  系统未开机，该操作无效
24/11/2018 20:55:40.875  INFO  系统未开机，该操作无效
24/11/2018 20:55:41.109  INFO  系统未开机，该操作无效
24/11/2018 20:55:41.328  INFO  系统未开机，该操作无效
24/11/2018 20:55:41.531  INFO  系统未开机，该操作无效
24/11/2018 20:55:41.734  INFO  系统未开机，该操作无效
24/11/2018 20:55:43.140  INFO  系统未开机，该操作无效
24/11/2018 20:55:43.375  INFO  系统未开机，该操作无效
24/11/2018 20:55:55.906  INFO  系统未开机，该操作无效
24/11/2018 20:55:56.125  INFO  系统未开机，该操作无效
24/11/2018 20:55:56.312  INFO  系统未开机，该操作无效
24/11/2018 20:55:56.515  INFO  系统未开机，该操作无效
24/11/2018 20:55:56.750  INFO  系统未开机，该操作无效
24/11/2018 20:55:57.000  INFO  系统未开机，该操作无效
24/11/2018 20:55:57.156  INFO  系统未开机，该操作无效
24/11/2018 20:55:57.328  INFO  系统未开机，该操作无效
24/11/2018 20:58:33.656  INFO  系统未开机，该操作无效
24/11/2018 20:58:45.421  INFO  系统未开机，该操作无效
24/11/2018 20:58:45.890  INFO  系统未开机，该操作无效
24/11/2018 20:58:46.109  INFO  系统未开机，该操作无效
24/11/2018 21:02:04.453  INFO  系统开机成功
24/11/2018 21:02:40.671  INFO  系统开机成功
24/11/2018 21:03:59.109  INFO  系统开机成功
24/11/2018 21:07:40.156  INFO  系统未开机，该操作无效
24/11/2018 21:07:43.375  INFO  系统开机成功
24/11/2018 21:08:31.406  INFO  系统开机成功
24/11/2018 21:12:49.171  INFO  系统开机成功
24/11/2018 21:19:19.375  INFO  系统未开机，该操作无效
24/11/2018 21:19:23.203  INFO  系统未开机，该操作无效
24/11/2018 21:19:23.765  INFO  系统未开机，该操作无效
24/11/2018 21:19:26.046  INFO  系统未开机，该操作无效
24/11/2018 21:19:41.453  INFO  图像模块相机 3,未连接，系统开机失败
24/11/2018 21:20:16.781  INFO  系统开机成功
24/11/2018 21:20:58.734  INFO  系统开机成功
24/11/2018 21:24:38.000  INFO  图像模块相机 3,未连接，系统开机失败
24/11/2018 21:24:52.796  INFO  系统开机成功
24/11/2018 21:29:50.437  INFO  系统开机成功
24/11/2018 21:33:17.687  INFO  系统开机成功
24/11/2018 21:33:36.656  INFO  系统开机成功
24/11/2018 21:35:16.734  INFO  系统开机成功
24/11/2018 21:36:05.015  INFO  系统开机成功
24/11/2018 21:37:48.484  INFO  系统开机成功
24/11/2018 21:38:49.687  INFO  系统开机成功
24/11/2018 21:40:08.734  INFO  系统开机成功
24/11/2018 21:44:59.640  INFO  系统开机成功
24/11/2018 21:45:28.828  INFO  系统开机成功
24/11/2018 21:46:00.546  INFO  系统开机成功
24/11/2018 21:46:33.437  INFO  系统开机成功
24/11/2018 21:47:08.718  INFO  系统开机成功
24/11/2018 21:48:19.312  INFO  系统开机成功
24/11/2018 21:49:56.546  INFO  系统开机成功
24/11/2018 21:50:41.390  INFO  系统开机成功
24/11/2018 21:51:25.375  INFO  系统开机成功
24/11/2018 21:54:54.484  INFO  系统开机成功
24/11/2018 21:55:43.578  INFO  系统开机成功
24/11/2018 22:07:36.000  INFO  系统开机成功
24/11/2018 22:15:06.062  INFO  系统未开机，该操作无效
24/11/2018 22:21:52.375  INFO  系统开机成功
24/11/2018 22:21:58.250  INFO  系统开机成功
24/11/2018 22:22:59.765  INFO  系统开机成功
24/11/2018 22:24:22.484  INFO  系统开机成功
24/11/2018 22:30:38.359  INFO  系统开机成功
24/11/2018 22:32:02.328  INFO  系统开机成功
24/11/2018 22:33:57.015  INFO  系统开机成功
24/11/2018 22:34:54.250  INFO  系统开机成功
24/11/2018 22:45:21.312  INFO  系统开机成功
24/11/2018 22:47:30.328  INFO  系统开机成功
24/11/2018 22:48:31.468  INFO  系统开机成功
24/11/2018 22:49:36.375  INFO  系统开机成功
24/11/2018 22:54:34.312  INFO  系统开机成功
24/11/2018 22:56:09.750  INFO  系统开机成功
24/11/2018 22:56:40.328  INFO  系统开机成功
24/11/2018 22:57:44.359  INFO  系统开机成功
24/11/2018 22:58:23.375  INFO  系统开机成功
24/11/2018 22:58:29.875  INFO  系统开机成功
25/11/2018 11:25:58.171  INFO  图像模块相机 3,未连接，系统开机失败
25/11/2018 11:28:15.578  INFO  系统开机成功
25/11/2018 11:28:41.625  INFO  系统开机成功
25/11/2018 11:32:59.312  INFO  系统开机成功
25/11/2018 11:33:50.031  INFO  连续拍照退出
25/11/2018 11:56:26.453  INFO  系统开机成功
25/11/2018 11:57:26.953  INFO  测距模块反初始化完成并退出
25/11/2018 11:59:38.343  INFO  系统开机成功
25/11/2018 12:02:09.703  INFO  系统开机成功
25/11/2018 12:07:01.750  INFO  系统开机成功
25/11/2018 12:07:19.421  INFO  连续拍照退出
25/11/2018 12:07:47.234  INFO  连续拍照退出
25/11/2018 12:08:09.796  INFO  测距模块反初始化完成并退出
25/11/2018 12:53:59.265  INFO  图像模块相机 3,未连接，系统开机失败
25/11/2018 12:54:13.937  INFO  系统开机成功
25/11/2018 12:54:26.906  INFO  连续拍照退出
25/11/2018 12:54:43.375  INFO  视频模式中，不能拍照
25/11/2018 12:54:49.734  INFO  连续拍照退出
25/11/2018 12:54:59.718  INFO  视频模式中，不能拍照
25/11/2018 12:55:07.328  INFO  视频模式中，不能拍照
25/11/2018 12:55:12.812  INFO  连续拍照退出
25/11/2018 12:55:26.125  INFO  测距模块反初始化完成并退出
25/11/2018 17:03:43.453  INFO  系统开机成功
25/11/2018 17:04:22.687  INFO  PLC标定命令写入成功
25/11/2018 17:04:22.687  INFO  PLC标定命令写入成功
25/11/2018 17:13:47.890  INFO  系统开机成功
25/11/2018 17:14:10.093  INFO  图像模块标定失败
25/11/2018 17:14:13.140  INFO  PLC标定命令写入成功
25/11/2018 17:14:15.421  INFO  PLC标定命令写入成功
25/11/2018 17:14:15.421  INFO  PLC标定命令写入成功
25/11/2018 17:14:17.781  INFO  PLC标定命令写入成功
25/11/2018 17:14:17.781  INFO  PLC标定命令写入成功
25/11/2018 17:14:19.468  INFO  PLC标定命令写入成功
25/11/2018 17:14:19.468  INFO  PLC标定命令写入成功
25/11/2018 17:14:33.203  INFO  PLC输入命令写入成功
25/11/2018 17:14:33.953  INFO  PLC输入命令写入成功
25/11/2018 17:14:35.265  INFO  PLC输入命令写入成功
25/11/2018 17:14:36.562  INFO  PLC输入命令写入成功
25/11/2018 17:14:38.843  INFO  PLC输入命令写入成功
25/11/2018 17:14:40.031  INFO  PLC输入命令写入成功
25/11/2018 17:18:20.718  INFO  系统开机成功
25/11/2018 17:18:26.484  INFO  PLC输入命令写入成功
25/11/2018 17:18:31.703  INFO  PLC输入命令写入成功
25/11/2018 17:18:33.062  INFO  PLC输入命令写入成功
25/11/2018 17:18:33.875  INFO  PLC输入命令写入成功
25/11/2018 17:18:34.593  INFO  PLC输入命令写入成功
25/11/2018 17:34:06.234  INFO  系统开机成功
25/11/2018 17:34:13.515  INFO  PLC输入命令写入成功
25/11/2018 17:34:14.062  INFO  PLC输入命令写入成功
25/11/2018 17:34:14.906  INFO  PLC输入命令写入成功
25/11/2018 17:34:15.375  INFO  PLC输入命令写入成功
25/11/2018 17:34:16.234  INFO  PLC输入命令写入成功
25/11/2018 17:42:27.750  INFO  系统开机成功
25/11/2018 17:42:49.734  INFO  图像模块标定失败
25/11/2018 18:16:41.921  INFO  系统开机成功
25/11/2018 18:16:43.937  INFO  测距模块反初始化完成并退出
25/11/2018 18:17:34.953  INFO  系统开机成功
25/11/2018 18:17:38.578  INFO  PLC输入命令写入成功
25/11/2018 18:17:39.828  INFO  PLC输入命令写入成功
25/11/2018 18:18:16.078  INFO  测距模块反初始化完成并退出
25/11/2018 18:20:18.421  INFO  系统开机成功
25/11/2018 18:30:50.093  INFO  系统开机成功
25/11/2018 18:30:51.890  INFO  测距模块反初始化完成并退出
25/11/2018 18:30:51.890  INFO  系统已经关机
25/11/2018 18:35:24.718  INFO  系统开机成功
25/11/2018 18:35:36.203  INFO  测距模块反初始化完成并退出
25/11/2018 18:35:36.203  INFO  系统已经关机
25/11/2018 18:36:18.000  INFO  系统开机成功
25/11/2018 18:36:23.359  INFO  测距模块反初始化完成并退出
25/11/2018 18:36:23.359  INFO  系统已经关机
25/11/2018 19:12:14.953  INFO  系统开机成功
25/11/2018 19:12:17.250  INFO  测距模块反初始化完成并退出
25/11/2018 19:12:17.250  INFO  系统已经关机
25/11/2018 19:13:10.187  INFO  系统开机成功
25/11/2018 19:13:14.859  INFO  测距模块反初始化完成并退出
25/11/2018 19:13:14.859  INFO  系统已经关机
25/11/2018 19:16:25.765  INFO  系统开机成功
25/11/2018 19:18:07.937  INFO  系统开机成功
25/11/2018 19:20:57.328  INFO  系统开机成功
25/11/2018 19:23:23.421  INFO  系统开机成功
25/11/2018 19:25:01.718  INFO  系统开机成功
25/11/2018 19:25:45.906  INFO  系统开机成功
25/11/2018 23:23:24.000  INFO  系统未开机，该操作无效
25/11/2018 23:31:39.906  INFO  系统开机成功
25/11/2018 23:31:41.703  INFO  测距模块反初始化完成并退出
25/11/2018 23:31:41.703  INFO  系统已经关机
25/11/2018 23:34:02.593  INFO  系统开机成功
25/11/2018 23:34:08.531  INFO  测距模块反初始化完成并退出
26/11/2018 21:00:28.265  INFO  系统开机成功
26/11/2018 21:00:54.375  INFO  测距模块反初始化完成并退出
26/11/2018 21:03:55.718  INFO  系统开机成功
26/11/2018 21:06:13.609  INFO  系统开机成功
26/11/2018 21:08:28.390  INFO  系统开机成功
26/11/2018 21:13:39.953  INFO  系统开机成功
26/11/2018 21:16:08.234  INFO  系统开机成功
26/11/2018 21:22:12.734  INFO  测距模块反初始化完成并退出
26/11/2018 22:01:58.234  INFO  系统开机成功
26/11/2018 22:33:00.687  INFO  测距模块反初始化完成并退出
26/11/2018 22:33:34.656  INFO  系统开机成功
26/11/2018 22:33:54.437  INFO  测距模块反初始化完成并退出
26/11/2018 22:33:54.437  INFO  系统已经关机
26/11/2018 22:44:42.312  INFO  系统开机成功
26/11/2018 22:44:53.156  INFO  测距模块反初始化完成并退出
26/11/2018 22:44:53.156  INFO  系统已经关机
26/11/2018 22:46:50.328  INFO  系统开机成功
26/11/2018 22:47:37.875  INFO  测距模块反初始化完成并退出
26/11/2018 22:47:37.875  INFO  系统已经关机
26/11/2018 22:58:47.890  INFO  系统开机成功
26/11/2018 22:58:57.906  INFO  plcplcplc
26/11/2018 23:13:20.203  INFO  系统开机成功
26/11/2018 23:13:30.203  INFO  plcplcplc
26/11/2018 23:13:40.234  INFO  plcplcplc
26/11/2018 23:13:50.281  INFO  plcplcplc
26/11/2018 23:13:57.687  INFO  测距模块反初始化完成并退出
26/11/2018 23:13:57.687  INFO  系统已经关机
26/11/2018 23:14:00.328  INFO  plcplcplc
26/11/2018 23:14:34.609  INFO  系统开机成功
26/11/2018 23:15:24.593  INFO  测距模块反初始化完成并退出
26/11/2018 23:15:24.593  INFO  系统已经关机
26/11/2018 23:15:39.156  INFO  系统开机成功
26/11/2018 23:21:18.781  INFO  测距模块反初始化完成并退出
26/11/2018 23:21:18.781  INFO  系统已经关机
27/11/2018 12:58:06.984  INFO  系统开机成功
27/11/2018 13:06:39.250  INFO  测距模块反初始化完成并退出
27/11/2018 13:06:39.250  INFO  系统已经关机
28/11/2018 16:55:16.031  INFO  测距模块初始化失败，系统开机失败
28/11/2018 16:58:50.937  INFO  测距模块初始化失败，系统开机失败
28/11/2018 17:08:53.171  INFO  测距模块初始化失败，系统开机失败
28/11/2018 17:14:02.843  INFO  测距模块初始化失败，系统开机失败
28/11/2018 18:10:22.312  INFO  测距模块初始化失败，系统开机失败
28/11/2018 18:10:46.125  INFO  系统成功开机
28/11/2018 18:10:55.062  INFO  未启用该功能，请查看系统配置文件
28/11/2018 18:10:57.312  INFO  未启用该功能，请查看系统配置文件
28/11/2018 18:11:06.609  INFO  测距模块反初始化完成并退出
28/11/2018 18:11:06.625  INFO  系统已经关机
28/11/2018 21:39:22.359  INFO  系统成功开机
28/11/2018 21:43:33.156  INFO  系统成功开机
28/11/2018 22:02:40.000  INFO  系统成功开机
28/11/2018 22:03:46.359  INFO  测距模块反初始化完成并退出
28/11/2018 22:03:46.359  INFO  系统已经关机
28/11/2018 22:05:00.281  INFO  系统成功开机
28/11/2018 22:06:06.640  INFO  测距模块反初始化完成并退出
28/11/2018 22:06:06.640  INFO  系统已经关机
29/11/2018 20:36:03.140  INFO  系统成功开机
29/11/2018 20:36:44.078  INFO  测距模块反初始化完成并退出
29/11/2018 20:36:44.078  INFO  系统已经关机
29/11/2018 22:14:19.562  INFO  系统成功开机
29/11/2018 22:15:01.625  INFO  测距模块初始化失败，系统开机失败
29/11/2018 22:16:33.484  INFO  测距模块初始化失败，系统开机失败
29/11/2018 22:19:18.328  INFO  测距模块初始化失败，系统开机失败
01/12/2018 17:05:55.265  INFO  系统成功开机
01/12/2018 17:11:49.625  INFO  测距模块初始化失败，系统开机失败
08/12/2018 14:12:37.078  INFO  PLC初始化失败，系统开机失败
08/12/2018 14:17:26.656  INFO  PLC初始化失败，系统开机失败
08/12/2018 14:32:20.953  INFO  PLC初始化失败，系统开机失败
10/12/2018 15:12:22.093  INFO  PLC初始化失败，系统开机失败，请检查线路连接
10/12/2018 15:16:18.890  INFO  PLC初始化失败，系统开机失败，请检查线路连接
10/12/2018 15:20:28.390  INFO  ID = 4002，SOCKET Connect Succeed
10/12/2018 15:20:28.406  INFO  ID = 4001，SOCKET Connect Succeed
10/12/2018 15:20:28.421  INFO  ID = 4003，SOCKET Connect Succeed
10/12/2018 15:20:30.515  INFO  测距模块初始化失败，系统开机失败
10/12/2018 15:21:51.218  INFO  系统成功开机
10/12/2018 15:32:34.968  INFO  管片调整线程已退出
10/12/2018 15:32:34.062  INFO  PLC监控线程已退出
10/12/2018 15:32:34.171  INFO  测距模块反初始化完成
10/12/2018 15:32:34.171  INFO  系统已经关机
10/12/2018 15:32:40.640  INFO  系统成功开机
10/12/2018 15:33:04.171  INFO  相机输出图像为NULL，请检查
10/12/2018 15:36:04.687  INFO  相机输出图像为NULL，请检查
10/12/2018 15:36:05.203  INFO  相机输出图像为NULL，请检查
10/12/2018 15:36:05.234  INFO  相机输出图像为NULL，请检查
10/12/2018 15:36:05.265  INFO  相机输出图像为NULL，请检查
10/12/2018 15:36:05.296  INFO  相机输出图像为NULL，请检查
10/12/2018 15:36:05.328  INFO  相机输出图像为NULL，请检查
10/12/2018 15:36:05.359  INFO  相机输出图像为NULL，请检查
10/12/2018 15:36:05.390  INFO  相机输出图像为NULL，请检查
10/12/2018 15:36:05.421  INFO  相机输出图像为NULL，请检查
10/12/2018 15:36:05.453  INFO  相机输出图像为NULL，请检查
10/12/2018 15:36:09.312  INFO  相机输出图像为NULL，请检查
10/12/2018 15:36:09.562  INFO  相机输出图像为NULL，请检查
10/12/2018 15:36:10.078  INFO  相机输出图像为NULL，请检查
10/12/2018 15:36:10.109  INFO  相机输出图像为NULL，请检查
10/12/2018 15:36:10.140  INFO  相机输出图像为NULL，请检查
10/12/2018 15:36:10.171  INFO  相机输出图像为NULL，请检查
10/12/2018 15:36:10.203  INFO  相机输出图像为NULL，请检查
10/12/2018 15:36:10.281  INFO  相机输出图像为NULL，请检查
10/12/2018 15:59:51.546  INFO  管片调整线程已退出
10/12/2018 15:59:51.593  INFO  PLC监控线程已退出
10/12/2018 15:59:51.703  INFO  测距模块反初始化完成
10/12/2018 15:59:51.703  INFO  系统已经关机
13/12/2018 21:13:53.765  INFO  测距模块反初始化完成
13/12/2018 22:27:00.250  INFO  测距模块反初始化完成
13/12/2018 22:34:06.187  INFO  PLC初始化失败，系统开机失败，请检查线路连接
13/12/2018 22:34:20.359  INFO  测距模块反初始化完成
15/12/2018 11:16:44.296  INFO  测距模块反初始化完成
15/12/2018 11:18:49.734  INFO  PLC初始化失败，系统开机失败，请检查线路连接
15/12/2018 11:23:01.750  INFO  系统成功开机
15/12/2018 11:26:50.687  INFO  测距模块初始化失败，系统开机失败
15/12/2018 11:29:07.515  INFO  PLC初始化失败，系统开机失败，请检查线路连接
15/12/2018 21:11:24.437  INFO  PLC初始化失败，系统开机失败，请检查线路连接
16/12/2018 10:57:38.125  INFO  PLC初始化失败，系统开机失败，请检查线路连接
16/12/2018 11:37:31.187  INFO  测距模块初始化失败，系统开机失败
16/12/2018 12:06:12.937  INFO  图像模块相机 3,未连接，系统开机失败
16/12/2018 22:17:02.796  INFO  测距模块反初始化完成
16/12/2018 22:42:59.296  INFO  测距模块反初始化完成
21/12/2018 13:02:42.203  INFO  PLC初始化失败，系统开机失败，请检查线路连接
21/12/2018 13:06:27.625  INFO  PLC初始化失败，系统开机失败，请检查线路连接
21/12/2018 14:22:13.031  INFO  PLC初始化失败，系统开机失败，请检查线路连接
21/12/2018 14:27:10.265  INFO  测距模块初始化失败，系统开机失败
21/12/2018 14:36:02.437  INFO  PLC初始化失败，系统开机失败，请检查线路连接
21/12/2018 14:36:20.593  INFO  ID = 4004，SOCKET Connect Succeed
21/12/2018 14:36:20.609  INFO  ID = 4001，SOCKET Connect Succeed
21/12/2018 14:36:20.765  INFO  测距模块初始化成功
21/12/2018 14:36:24.875  INFO  图像模块相机 3,未连接，系统开机失败
21/12/2018 14:52:14.656  INFO  ID = 4004，SOCKET Connect Succeed
21/12/2018 14:52:14.656  INFO  ID = 4001，SOCKET Connect Succeed
21/12/2018 14:52:14.828  INFO  测距模块初始化成功
21/12/2018 14:52:14.828  INFO  系统成功开机
21/12/2018 15:12:50.687  INFO  ID = 0，gCaliValue = 62.770000
21/12/2018 15:12:50.796  INFO  ID = 6，gCaliValue = 58.700000
21/12/2018 15:12:51.859  INFO  ID = 9，gCaliValue = 17.280000
21/12/2018 15:12:51.921  INFO  ID = 11，gCaliValue = 20.130000
21/12/2018 15:15:39.093  INFO  管片调整线程已退出
21/12/2018 15:15:39.109  INFO  PLC监控线程已退出
21/12/2018 15:15:41.031  INFO  传感器监听线程结束
21/12/2018 15:15:41.031  INFO  测距模块反初始化完成
21/12/2018 15:15:41.031  INFO  系统已经关机
21/12/2018 15:15:44.656  INFO  ID = 4004，SOCKET Connect Succeed
21/12/2018 15:15:44.671  INFO  ID = 4001，SOCKET Connect Succeed
21/12/2018 15:15:45.828  INFO  测距模块初始化成功
21/12/2018 15:15:45.843  INFO  系统成功开机
21/12/2018 15:15:51.343  INFO  ID = 0，gCaliValue = 62.760000
21/12/2018 15:15:51.453  INFO  ID = 6，gCaliValue = 58.680000
21/12/2018 15:15:51.500  INFO  ID = 9，gCaliValue = 17.410000
21/12/2018 15:15:51.562  INFO  ID = 11，gCaliValue = 20.160000
21/12/2018 15:16:15.031  INFO  管片调整线程已退出
21/12/2018 15:16:15.078  INFO  PLC监控线程已退出
21/12/2018 15:16:16.593  INFO  传感器监听线程结束
21/12/2018 15:16:16.593  INFO  测距模块反初始化完成
21/12/2018 15:16:16.593  INFO  系统已经关机
21/12/2018 15:17:36.093  INFO  ID = 4004，SOCKET Connect Succeed
21/12/2018 15:17:36.109  INFO  ID = 4001，SOCKET Connect Succeed
21/12/2018 15:17:36.265  INFO  测距模块初始化成功
21/12/2018 15:17:36.281  INFO  系统成功开机
21/12/2018 15:17:43.593  INFO  ID = 0，gCaliValue = 62.770000
21/12/2018 15:17:43.703  INFO  ID = 6，gCaliValue = 58.720000
21/12/2018 15:17:43.765  INFO  ID = 9，gCaliValue = 17.430000
21/12/2018 15:17:43.812  INFO  ID = 11，gCaliValue = 20.080000
21/12/2018 15:18:52.781  INFO  ID = 4004，SOCKET Connect Succeed
21/12/2018 15:18:52.781  INFO  ID = 4001，SOCKET Connect Succeed
21/12/2018 15:18:53.953  INFO  测距模块初始化成功
21/12/2018 15:18:53.953  INFO  系统成功开机
21/12/2018 15:19:00.281  INFO  ID = 0，gCaliValue = 62.650000
21/12/2018 15:19:00.390  INFO  ID = 6，gCaliValue = 58.720000
21/12/2018 15:19:00.437  INFO  ID = 9，gCaliValue = 17.230000
21/12/2018 15:19:00.515  INFO  ID = 11，gCaliValue = 20.060000
21/12/2018 15:19:43.359  INFO  管片调整线程已退出
21/12/2018 15:19:43.390  INFO  PLC监控线程已退出
21/12/2018 15:19:45.578  INFO  传感器监听线程结束
21/12/2018 15:19:45.578  INFO  测距模块反初始化完成
21/12/2018 15:19:45.578  INFO  系统已经关机
21/12/2018 15:20:57.171  INFO  ID = 4004，SOCKET Connect Succeed
21/12/2018 15:20:57.171  INFO  ID = 4001，SOCKET Connect Succeed
21/12/2018 15:20:57.328  INFO  测距模块初始化成功
21/12/2018 15:20:57.343  INFO  系统成功开机
21/12/2018 15:21:01.750  INFO  ID = 0，gCaliValue = 62.520000
21/12/2018 15:21:02.843  INFO  ID = 6，gCaliValue = 58.700000
21/12/2018 15:21:02.890  INFO  ID = 9，gCaliValue = 17.400000
21/12/2018 15:21:02.953  INFO  ID = 11，gCaliValue = 20.010000
21/12/2018 15:27:02.078  INFO  ID = 0，gCaliValue = 62.490000
21/12/2018 15:27:02.187  INFO  ID = 6，gCaliValue = 57.780000
21/12/2018 15:27:02.234  INFO  ID = 9，gCaliValue = 17.000000
21/12/2018 15:27:02.296  INFO  ID = 11，gCaliValue = 19.000000
21/12/2018 15:29:39.750  INFO  ID = 0，gcHeight = 156.410000
21/12/2018 15:29:40.859  INFO  ID = 6，gcHeight = 175.510000
21/12/2018 15:29:40.921  INFO  ID = 9，gcHeight = 170.490000
21/12/2018 15:29:40.968  INFO  ID = 11，gcHeight = 144.910000
21/12/2018 15:33:07.578  INFO  ID = 4004，SOCKET Connect Succeed
21/12/2018 15:33:07.593  INFO  ID = 4001，SOCKET Connect Succeed
21/12/2018 15:33:07.765  INFO  测距模块初始化成功
21/12/2018 15:33:07.765  INFO  系统成功开机
21/12/2018 15:34:13.531  INFO  管片调整线程已退出
21/12/2018 15:34:13.625  INFO  PLC监控线程已退出
21/12/2018 15:34:18.421  INFO  传感器监听线程结束
21/12/2018 15:34:18.421  INFO  测距模块反初始化完成
21/12/2018 15:34:18.421  INFO  系统已经关机
21/12/2018 15:34:26.484  INFO  ID = 4004，SOCKET Connect Succeed
21/12/2018 15:34:26.500  INFO  ID = 4001，SOCKET Connect Succeed
21/12/2018 15:34:26.671  INFO  测距模块初始化成功
21/12/2018 15:34:26.671  INFO  系统成功开机
21/12/2018 15:39:03.640  INFO  ID = 0，gcHeight = 156.500000
21/12/2018 15:39:03.750  INFO  ID = 6，gcHeight = 176.070000
21/12/2018 15:39:03.812  INFO  ID = 9，gcHeight = 171.120000
21/12/2018 15:39:04.859  INFO  ID = 11，gcHeight = 144.310000
21/12/2018 15:58:56.125  INFO  管片调整线程已退出
21/12/2018 15:58:56.140  INFO  PLC监控线程已退出
21/12/2018 15:59:00.171  INFO  传感器监听线程结束
21/12/2018 15:59:00.187  INFO  测距模块反初始化完成
21/12/2018 15:59:00.203  INFO  系统已经关机
21/12/2018 16:00:36.843  INFO  ID = 4004，SOCKET Connect Succeed
21/12/2018 16:00:36.859  INFO  ID = 4001，SOCKET Connect Succeed
21/12/2018 16:00:36.031  INFO  测距模块初始化成功
21/12/2018 16:00:36.031  INFO  系统成功开机
21/12/2018 16:03:22.265  INFO  ID = 0，gcHeight = 118.410000
21/12/2018 16:03:22.359  INFO  ID = 6，gcHeight = 127.200000
21/12/2018 16:03:22.421  INFO  ID = 9，gcHeight = 119.670000
21/12/2018 16:03:22.468  INFO  ID = 11，gcHeight = 108.770000
21/12/2018 16:03:50.265  INFO  ID = 0，gcHeight = 170.090000
21/12/2018 16:03:50.375  INFO  ID = 6，gcHeight = 176.190000
21/12/2018 16:03:50.437  INFO  ID = 9，gcHeight = 167.530000
21/12/2018 16:03:50.484  INFO  ID = 11，gcHeight = 156.500000
21/12/2018 16:34:40.781  INFO  ID = 4004，SOCKET Connect Succeed
21/12/2018 16:34:40.781  INFO  ID = 4001，SOCKET Connect Succeed
21/12/2018 16:34:41.953  INFO  测距模块初始化成功
21/12/2018 16:34:41.953  INFO  系统成功开机
21/12/2018 16:34:48.265  INFO  ID = 0，gcHeight = 148.240000
21/12/2018 16:34:48.359  INFO  ID = 6，gcHeight = 158.540000
21/12/2018 16:34:48.421  INFO  ID = 9，gcHeight = 151.470000
21/12/2018 16:34:48.484  INFO  ID = 11，gcHeight = 135.800000
21/12/2018 16:53:11.406  INFO  ID = 4004，SOCKET Connect Succeed
21/12/2018 16:53:11.406  INFO  ID = 4001，SOCKET Connect Succeed
21/12/2018 16:53:11.578  INFO  测距模块初始化成功
21/12/2018 16:53:11.578  INFO  系统成功开机
21/12/2018 16:53:18.109  INFO  ID = 0，gcHeight = 141.980000
21/12/2018 16:53:18.234  INFO  ID = 6，gcHeight = 153.820000
21/12/2018 16:53:18.312  INFO  ID = 9，gcHeight = 146.620000
21/12/2018 16:53:18.406  INFO  ID = 11，gcHeight = 129.810000
21/12/2018 17:07:30.515  INFO  ID = 4004，SOCKET Connect Succeed
21/12/2018 17:07:30.531  INFO  ID = 4001，SOCKET Connect Succeed
21/12/2018 17:07:30.687  INFO  测距模块初始化成功
21/12/2018 17:07:30.703  INFO  系统成功开机
21/12/2018 17:07:37.375  INFO  ID = 0，gcHeight = 146.330000
21/12/2018 17:07:37.468  INFO  ID = 6，gcHeight = 158.790000
21/12/2018 17:07:37.515  INFO  ID = 9，gcHeight = 152.000000
21/12/2018 17:07:37.578  INFO  ID = 11，gcHeight = 134.290000
21/12/2018 17:08:01.125  INFO  ID = 4004，SOCKET Connect Succeed
21/12/2018 17:08:01.140  INFO  ID = 4001，SOCKET Connect Succeed
21/12/2018 17:08:01.312  INFO  测距模块初始化成功
21/12/2018 17:08:01.312  INFO  系统成功开机
21/12/2018 17:16:30.671  INFO  ID = 4004，SOCKET Connect Succeed
21/12/2018 17:16:30.687  INFO  ID = 4001，SOCKET Connect Succeed
21/12/2018 17:16:31.859  INFO  测距模块初始化成功
21/12/2018 17:16:31.859  INFO  系统成功开机
21/12/2018 17:16:36.406  INFO  ID = 0，gcHeight = 174.250000
21/12/2018 17:16:36.500  INFO  ID = 6，gcHeight = 194.040000
21/12/2018 17:16:36.609  INFO  ID = 11，gcHeight = 157.090000
21/12/2018 17:24:57.546  INFO  ID = 0，gcHeight = 167.810000
21/12/2018 17:24:57.593  INFO  ID = 3，gcHeight = 196.240000
21/12/2018 17:24:57.656  INFO  ID = 6，gcHeight = 178.800000
21/12/2018 17:24:57.718  INFO  ID = 9，gcHeight = 170.150000
21/12/2018 17:24:57.781  INFO  ID = 11，gcHeight = 153.640000
21/12/2018 17:24:57.781  INFO  测距模块标定命令成功执行
21/12/2018 17:25:30.828  INFO  ID = 4004，SOCKET Connect Succeed
21/12/2018 17:25:30.828  INFO  ID = 4001，SOCKET Connect Succeed
21/12/2018 17:25:31.000  INFO  测距模块初始化成功
21/12/2018 17:25:31.000  INFO  系统成功开机
21/12/2018 17:26:29.468  INFO  ID = 4004，SOCKET Connect Succeed
21/12/2018 17:26:29.484  INFO  ID = 4001，SOCKET Connect Succeed
21/12/2018 17:26:29.640  INFO  测距模块初始化成功
21/12/2018 17:26:29.656  INFO  系统成功开机
21/12/2018 18:04:41.359  INFO  ID = 4004，SOCKET Connect Succeed
21/12/2018 18:04:41.375  INFO  ID = 4001，SOCKET Connect Succeed
21/12/2018 18:04:41.531  INFO  测距模块初始化成功
21/12/2018 18:04:41.531  INFO  系统成功开机
21/12/2018 18:04:54.500  INFO  ID = 0，gcHeight = 181.270000
21/12/2018 18:04:54.609  INFO  ID = 6，gcHeight = 197.950000
21/12/2018 18:07:13.203  INFO  ID = 0，gcHeight = 160.630000
21/12/2018 18:07:13.312  INFO  ID = 6，gcHeight = 176.340000
21/12/2018 18:07:13.375  INFO  ID = 9，gcHeight = 167.410000
21/12/2018 18:07:13.421  INFO  ID = 11，gcHeight = 170.460000
21/12/2018 18:12:33.312  INFO  ID = 4004，SOCKET Connect Succeed
21/12/2018 18:12:33.328  INFO  ID = 4001，SOCKET Connect Succeed
21/12/2018 18:12:33.500  INFO  测距模块初始化成功
21/12/2018 18:12:33.500  INFO  系统成功开机
21/12/2018 18:19:39.265  INFO  ID = 4004，SOCKET Connect Succeed
21/12/2018 18:19:39.296  INFO  ID = 4001，SOCKET Connect Succeed
21/12/2018 18:19:39.468  INFO  测距模块初始化成功
21/12/2018 18:19:39.468  INFO  系统成功开机
21/12/2018 18:19:44.015  INFO  ID = 0，gcHeight = 107.770000
21/12/2018 18:19:44.125  INFO  ID = 6，gcHeight = 155.620000
21/12/2018 18:19:44.171  INFO  ID = 9，gcHeight = 148.360000
21/12/2018 18:19:44.234  INFO  ID = 11，gcHeight = 114.780000
21/12/2018 18:19:55.000  INFO  ID = 4004，SOCKET Connect Succeed
21/12/2018 18:19:55.000  INFO  ID = 4001，SOCKET Connect Succeed
21/12/2018 18:19:55.156  INFO  测距模块初始化成功
21/12/2018 18:19:55.171  INFO  系统成功开机
21/12/2018 18:24:43.640  INFO  ID = 4004，SOCKET Connect Succeed
21/12/2018 18:24:43.656  INFO  ID = 4001，SOCKET Connect Succeed
21/12/2018 18:24:43.812  INFO  测距模块初始化成功
21/12/2018 18:24:43.828  INFO  系统成功开机
21/12/2018 18:24:48.640  INFO  ID = 0，gcHeight = 128.320000
21/12/2018 18:24:48.750  INFO  ID = 6，gcHeight = 129.460000
21/12/2018 18:24:48.812  INFO  ID = 9，gcHeight = 118.710000
21/12/2018 18:24:49.859  INFO  ID = 11，gcHeight = 141.560000
21/12/2018 19:21:24.953  INFO  ID = 4004，SOCKET Connect Succeed
21/12/2018 19:21:24.968  INFO  ID = 4001，SOCKET Connect Succeed
21/12/2018 19:21:24.140  INFO  测距模块初始化成功
21/12/2018 19:21:24.140  INFO  系统成功开机
21/12/2018 19:21:28.812  INFO  ID = 0，gcHeight = 130.240000
21/12/2018 19:21:29.906  INFO  ID = 6，gcHeight = 131.970000
21/12/2018 19:21:29.968  INFO  ID = 9，gcHeight = 120.310000
21/12/2018 19:21:29.015  INFO  ID = 11，gcHeight = 143.780000
21/12/2018 19:22:12.796  INFO  ID = 4004，SOCKET Connect Succeed
21/12/2018 19:22:12.828  INFO  ID = 4001，SOCKET Connect Succeed
21/12/2018 19:22:13.984  INFO  测距模块初始化成功
21/12/2018 19:22:13.984  INFO  系统成功开机
21/12/2018 19:28:04.859  INFO  ID = 4004，SOCKET Connect Succeed
21/12/2018 19:28:04.859  INFO  ID = 4001，SOCKET Connect Succeed
21/12/2018 19:28:04.031  INFO  测距模块初始化成功
21/12/2018 19:28:04.031  INFO  系统成功开机
21/12/2018 19:28:09.171  INFO  ID = 0，gCaliValue = 78.480000
21/12/2018 19:28:09.265  INFO  ID = 6，gCaliValue = 55.620000
21/12/2018 19:28:09.328  INFO  ID = 9，gCaliValue = 18.760000
21/12/2018 19:28:09.390  INFO  ID = 11，gCaliValue = 21.000000
21/12/2018 19:29:02.046  INFO  ID = 0，gCaliValue = 73.980000
21/12/2018 19:29:02.140  INFO  ID = 6，gCaliValue = 48.650000
21/12/2018 19:29:02.203  INFO  ID = 9，gCaliValue = 15.830000
21/12/2018 19:29:02.250  INFO  ID = 11，gCaliValue = 19.200000
21/12/2018 19:29:44.125  INFO  ID = 0，gcHeight = 79.950000
21/12/2018 19:29:44.234  INFO  ID = 6，gcHeight = 110.280000
21/12/2018 19:29:44.281  INFO  ID = 9，gcHeight = 92.210000
21/12/2018 19:29:44.343  INFO  ID = 11，gcHeight = 78.080000
21/12/2018 19:30:17.171  INFO  ID = 0，gcHeight = 101.030000
21/12/2018 19:30:17.265  INFO  ID = 6，gcHeight = 130.910000
21/12/2018 19:30:17.328  INFO  ID = 9，gcHeight = 112.690000
21/12/2018 19:30:17.390  INFO  ID = 11，gcHeight = 98.400000
21/12/2018 19:32:02.250  INFO  ID = 4004，SOCKET Connect Succeed
21/12/2018 19:32:02.250  INFO  ID = 4001，SOCKET Connect Succeed
21/12/2018 19:32:02.421  INFO  测距模块初始化成功
21/12/2018 19:32:02.437  INFO  系统成功开机
21/12/2018 19:32:09.515  INFO  ID = 0，gcHeight = 102.940000
21/12/2018 19:32:09.609  INFO  ID = 6，gcHeight = 95.770000
21/12/2018 19:32:09.671  INFO  ID = 9，gcHeight = 84.020000
21/12/2018 19:32:09.718  INFO  ID = 11，gcHeight = 91.710000
21/12/2018 19:32:47.546  INFO  ID = 4004，SOCKET Connect Succeed
21/12/2018 19:32:47.578  INFO  ID = 4001，SOCKET Connect Succeed
21/12/2018 19:32:47.750  INFO  测距模块初始化成功
21/12/2018 19:32:47.750  INFO  系统成功开机
21/12/2018 19:32:52.750  INFO  管片调整线程已退出
21/12/2018 19:32:53.859  INFO  PLC监控线程已退出
21/12/2018 19:32:58.859  INFO  传感器监听线程结束
21/12/2018 19:32:58.859  INFO  测距模块反初始化完成
21/12/2018 19:32:58.875  INFO  系统已经关机
21/12/2018 19:33:04.609  INFO  ID = 4004，SOCKET Connect Succeed
21/12/2018 19:33:04.640  INFO  ID = 4001，SOCKET Connect Succeed
21/12/2018 19:33:04.796  INFO  测距模块初始化成功
21/12/2018 19:33:04.812  INFO  系统成功开机
21/12/2018 19:35:21.015  INFO  ID = 4004，SOCKET Connect Succeed
21/12/2018 19:35:21.031  INFO  ID = 4001，SOCKET Connect Succeed
21/12/2018 19:35:21.203  INFO  测距模块初始化成功
21/12/2018 19:35:21.203  INFO  系统成功开机
21/12/2018 19:40:48.109  INFO  ID = 4004，SOCKET Connect Succeed
21/12/2018 19:40:48.125  INFO  ID = 4001，SOCKET Connect Succeed
21/12/2018 19:40:48.281  INFO  测距模块初始化成功
21/12/2018 19:40:48.296  INFO  系统成功开机
21/12/2018 19:40:51.687  INFO  ID = 0，gCaliValue = 80.660000
21/12/2018 19:40:51.781  INFO  ID = 6，gCaliValue = 50.650000
21/12/2018 19:40:52.843  INFO  ID = 9，gCaliValue = 10.110000
21/12/2018 19:40:52.906  INFO  ID = 11，gCaliValue = 20.660000
21/12/2018 19:41:18.500  INFO  ID = 0，gcHeight = 79.990000
21/12/2018 19:41:18.593  INFO  ID = 6，gcHeight = 99.330000
21/12/2018 19:41:18.656  INFO  ID = 9，gcHeight = 100.230000
21/12/2018 19:41:18.718  INFO  ID = 11，gcHeight = 75.410000
21/12/2018 19:41:29.750  INFO  ID = 0，gcHeight = 101.840000
21/12/2018 19:41:30.843  INFO  ID = 6，gcHeight = 121.530000
21/12/2018 19:41:30.906  INFO  ID = 9，gcHeight = 121.300000
21/12/2018 19:41:30.968  INFO  ID = 11，gcHeight = 97.010000
21/12/2018 19:43:26.828  INFO  ID = 4004，SOCKET Connect Succeed
21/12/2018 19:43:27.843  INFO  ID = 4001，SOCKET Connect Succeed
21/12/2018 19:43:27.015  INFO  测距模块初始化成功
21/12/2018 19:43:27.015  INFO  系统成功开机
21/12/2018 19:52:15.093  INFO  ID = 4004，SOCKET Connect Succeed
21/12/2018 19:52:15.093  INFO  ID = 4001，SOCKET Connect Succeed
21/12/2018 19:52:15.265  INFO  测距模块初始化成功
21/12/2018 19:52:15.265  INFO  系统成功开机
21/12/2018 19:54:43.328  INFO  ID = 4004，SOCKET Connect Succeed
21/12/2018 19:54:43.343  INFO  ID = 4001，SOCKET Connect Succeed
21/12/2018 19:54:43.515  INFO  测距模块初始化成功
21/12/2018 19:54:43.515  INFO  系统成功开机
21/12/2018 19:56:39.968  INFO  ID = 4004，SOCKET Connect Succeed
21/12/2018 19:56:39.984  INFO  ID = 4001，SOCKET Connect Succeed
21/12/2018 19:56:39.140  INFO  测距模块初始化成功
21/12/2018 19:56:39.140  INFO  系统成功开机
21/12/2018 20:02:11.312  INFO  ID = 4004，SOCKET Connect Succeed
21/12/2018 20:02:11.328  INFO  ID = 4001，SOCKET Connect Succeed
21/12/2018 20:02:11.484  INFO  测距模块初始化成功
21/12/2018 20:02:11.484  INFO  系统成功开机
21/12/2018 20:02:14.593  INFO  ID = 0，gCaliValue = 74.160000
21/12/2018 20:02:14.703  INFO  ID = 6，gCaliValue = 48.970000
21/12/2018 20:02:14.750  INFO  ID = 9，gCaliValue = 15.690000
21/12/2018 20:02:14.812  INFO  ID = 11，gCaliValue = 19.220000
21/12/2018 20:02:39.234  INFO  ID = 0，gcHeight = 114.500000
21/12/2018 20:02:39.343  INFO  ID = 6，gcHeight = 120.950000
21/12/2018 20:02:39.406  INFO  ID = 9，gcHeight = 103.520000
21/12/2018 20:02:39.453  INFO  ID = 11，gcHeight = 96.320000
21/12/2018 20:06:21.531  INFO  ID = 4004，SOCKET Connect Succeed
21/12/2018 20:06:21.546  INFO  ID = 4001，SOCKET Connect Succeed
21/12/2018 20:06:21.718  INFO  测距模块初始化成功
21/12/2018 20:06:21.718  INFO  系统成功开机
21/12/2018 20:09:38.796  INFO  ID = 4004，SOCKET Connect Succeed
21/12/2018 20:09:38.812  INFO  ID = 4001，SOCKET Connect Succeed
21/12/2018 20:09:39.968  INFO  测距模块初始化成功
21/12/2018 20:09:39.984  INFO  系统成功开机
02/01/2019 10:09:41.515  INFO  PLC初始化失败，系统开机失败，请检查线路连接
02/01/2019 10:48:34.671  INFO  PLC初始化失败，系统开机失败，请检查线路连接
04/01/2019 11:37:50.703  INFO  PLC初始化失败，系统开机失败，请检查线路连接
04/01/2019 11:39:32.500  INFO  ID = 4004，SOCKET Connect Succeed
04/01/2019 11:39:32.515  INFO  ID = 4001，SOCKET Connect Succeed
04/01/2019 11:39:32.687  INFO  测距模块初始化成功
04/01/2019 11:39:32.703  INFO  系统成功开机
04/01/2019 11:39:47.718  INFO  管片调整线程已退出
04/01/2019 11:39:47.765  INFO  PLC监控线程已退出
04/01/2019 11:39:52.796  INFO  传感器监听线程结束
04/01/2019 11:39:52.812  INFO  测距模块反初始化完成
04/01/2019 11:39:52.812  INFO  系统已经关机
04/01/2019 11:39:59.281  INFO  测距模块反初始化完成
04/01/2019 11:41:04.140  INFO  ID = 4004，SOCKET Connect Succeed
04/01/2019 11:41:04.156  INFO  ID = 4001，SOCKET Connect Succeed
04/01/2019 11:41:04.328  INFO  测距模块初始化成功
04/01/2019 11:41:07.656  INFO  图像模块相机 3,未连接，系统开机失败
04/01/2019 11:50:57.500  INFO  系统成功开机
04/01/2019 11:57:32.687  INFO  管片调整线程已退出
04/01/2019 11:57:32.750  INFO  PLC监控线程已退出
04/01/2019 11:57:34.890  INFO  传感器监听线程结束
04/01/2019 11:57:34.890  INFO  测距模块反初始化完成
04/01/2019 12:12:05.406  INFO  ID = 4004，SOCKET Connect Succeed
04/01/2019 12:12:05.421  INFO  ID = 4001，SOCKET Connect Succeed
04/01/2019 12:12:05.593  INFO  测距模块初始化成功
04/01/2019 12:12:11.640  INFO  图像模块相机 0,1,未连接，系统开机失败
04/01/2019 12:13:31.937  INFO  PLC初始化失败，系统开机失败，请检查线路连接
04/01/2019 12:14:13.718  INFO  ID = 4004，SOCKET Connect Succeed
04/01/2019 12:14:13.718  INFO  ID = 4001，SOCKET Connect Succeed
04/01/2019 12:14:13.875  INFO  测距模块初始化成功
04/01/2019 12:14:13.921  INFO  系统成功开机
04/01/2019 12:14:59.531  INFO  管片调整线程已退出
04/01/2019 12:14:59.562  INFO  PLC监控线程已退出
04/01/2019 12:15:03.984  INFO  传感器监听线程结束
04/01/2019 12:15:03.000  INFO  测距模块反初始化完成
04/01/2019 12:26:24.734  INFO  ID = 4004，SOCKET Connect Succeed
04/01/2019 12:26:24.765  INFO  ID = 4001，SOCKET Connect Succeed
04/01/2019 12:26:24.937  INFO  测距模块初始化成功
04/01/2019 12:26:24.984  INFO  系统成功开机
04/01/2019 12:27:40.421  INFO  管片调整线程已退出
04/01/2019 12:27:40.453  INFO  PLC监控线程已退出
04/01/2019 12:27:44.968  INFO  传感器监听线程结束
04/01/2019 12:27:44.984  INFO  测距模块反初始化完成
04/01/2019 12:33:23.578  INFO  ID = 4004，SOCKET Connect Succeed
04/01/2019 12:33:23.593  INFO  ID = 4001，SOCKET Connect Succeed
04/01/2019 12:33:23.765  INFO  测距模块初始化成功
04/01/2019 12:33:24.312  INFO  系统成功开机
04/01/2019 12:34:47.203  INFO  ID = 4004，SOCKET Connect Succeed
04/01/2019 12:34:47.218  INFO  ID = 4001，SOCKET Connect Succeed
04/01/2019 12:34:47.390  INFO  测距模块初始化成功
04/01/2019 12:34:47.796  INFO  系统成功开机
04/01/2019 12:39:18.468  INFO  ID = 4004，SOCKET Connect Succeed
04/01/2019 12:39:18.484  INFO  ID = 4001，SOCKET Connect Succeed
04/01/2019 12:39:18.656  INFO  测距模块初始化成功
04/01/2019 12:39:18.093  INFO  系统成功开机
04/01/2019 12:40:27.375  INFO  ID = 4004，SOCKET Connect Succeed
04/01/2019 12:40:27.390  INFO  ID = 4001，SOCKET Connect Succeed
04/01/2019 12:40:27.546  INFO  测距模块初始化成功
04/01/2019 12:40:27.015  INFO  系统成功开机
04/01/2019 13:17:04.390  INFO  ID = 4004，SOCKET Connect Succeed
04/01/2019 13:17:04.390  INFO  ID = 4001，SOCKET Connect Succeed
04/01/2019 13:17:04.562  INFO  测距模块初始化成功
04/01/2019 13:17:04.578  INFO  系统成功开机
04/01/2019 13:18:14.921  INFO  管片调整线程已退出
04/01/2019 13:18:14.937  INFO  PLC监控线程已退出
04/01/2019 13:18:19.671  INFO  传感器监听线程结束
04/01/2019 13:18:19.671  INFO  测距模块反初始化完成
04/01/2019 20:02:45.125  INFO  ID = 4004，SOCKET Connect Succeed
04/01/2019 20:02:45.171  INFO  ID = 4001，SOCKET Connect Succeed
04/01/2019 20:02:45.343  INFO  测距模块初始化成功
04/01/2019 20:02:51.390  INFO  图像模块相机 0,1,未连接，系统开机失败
04/01/2019 22:51:57.562  INFO  ID = 4004，SOCKET Connect Succeed
04/01/2019 22:51:57.578  INFO  ID = 4001，SOCKET Connect Succeed
04/01/2019 22:51:57.734  INFO  测距模块初始化成功
04/01/2019 22:51:57.796  INFO  系统成功开机
04/01/2019 22:52:18.750  INFO  ID = 0，gCaliValue = 79.360000
04/01/2019 22:52:18.890  INFO  ID = 6，gCaliValue = 59.780000
04/01/2019 22:52:18.953  INFO  ID = 9，gCaliValue = 15.250000
04/01/2019 22:52:18.984  INFO  ID = 11，gCaliValue = 20.500000
04/01/2019 22:54:04.031  INFO  图像模块标定失败
04/01/2019 22:58:59.906  INFO  管片调整线程已退出
04/01/2019 22:58:59.953  INFO  PLC监控线程已退出
04/01/2019 22:59:03.078  INFO  传感器监听线程结束
04/01/2019 22:59:03.093  INFO  测距模块反初始化完成
04/01/2019 22:59:03.093  INFO  系统已经关机
04/01/2019 23:02:23.359  INFO  ID = 4004，SOCKET Connect Succeed
04/01/2019 23:02:23.375  INFO  ID = 4001，SOCKET Connect Succeed
04/01/2019 23:02:23.546  INFO  测距模块初始化成功
04/01/2019 23:02:23.562  INFO  系统成功开机
04/01/2019 23:03:20.671  INFO  ID = 4004，SOCKET Connect Succeed
04/01/2019 23:03:20.687  INFO  ID = 4001，SOCKET Connect Succeed
04/01/2019 23:03:20.843  INFO  测距模块初始化成功
04/01/2019 23:03:20.859  INFO  系统成功开机
04/01/2019 23:04:32.171  INFO  ID = 4004，SOCKET Connect Succeed
04/01/2019 23:04:32.187  INFO  ID = 4001，SOCKET Connect Succeed
04/01/2019 23:04:32.359  INFO  测距模块初始化成功
04/01/2019 23:04:32.375  INFO  系统成功开机
04/01/2019 23:38:49.796  INFO  ID = 4004，SOCKET Connect Succeed
04/01/2019 23:38:49.812  INFO  ID = 4001，SOCKET Connect Succeed
04/01/2019 23:38:49.984  INFO  测距模块初始化成功
04/01/2019 23:38:49.000  INFO  系统成功开机
05/01/2019 00:21:07.609  INFO  管片调整线程已退出
05/01/2019 00:21:07.609  INFO  PLC监控线程已退出
05/01/2019 00:21:10.343  INFO  传感器监听线程结束
05/01/2019 00:21:10.343  INFO  测距模块反初始化完成
05/01/2019 00:21:10.343  INFO  系统已经关机
05/01/2019 00:21:16.312  INFO  ID = 4004，SOCKET Connect Succeed
05/01/2019 00:21:16.328  INFO  ID = 4001，SOCKET Connect Succeed
05/01/2019 00:21:16.500  INFO  测距模块初始化成功
05/01/2019 00:21:16.500  INFO  系统成功开机
05/01/2019 00:21:31.578  INFO  管片调整线程已退出
05/01/2019 00:21:31.656  INFO  PLC监控线程已退出
05/01/2019 00:21:36.593  INFO  传感器监听线程结束
05/01/2019 00:21:36.593  INFO  测距模块反初始化完成
05/01/2019 00:21:36.593  INFO  系统已经关机
05/01/2019 00:21:47.437  INFO  ID = 4004，SOCKET Connect Succeed
05/01/2019 00:21:47.453  INFO  ID = 4001，SOCKET Connect Succeed
05/01/2019 00:21:47.625  INFO  测距模块初始化成功
05/01/2019 00:21:47.640  INFO  系统成功开机
05/01/2019 00:22:13.046  INFO  ID = 0，gCaliValue = 79.480000
05/01/2019 00:22:14.140  INFO  ID = 6，gCaliValue = 59.720000
05/01/2019 00:22:14.187  INFO  ID = 9，gCaliValue = 15.360000
05/01/2019 00:22:14.234  INFO  ID = 11，gCaliValue = 20.580000
05/01/2019 00:31:40.609  INFO  管片调整线程已退出
05/01/2019 00:31:40.640  INFO  PLC监控线程已退出
05/01/2019 00:31:44.359  INFO  传感器监听线程结束
05/01/2019 00:31:44.359  INFO  测距模块反初始化完成
05/01/2019 00:31:44.359  INFO  系统已经关机
05/01/2019 00:42:07.656  INFO  ID = 4004，SOCKET Connect Succeed
05/01/2019 00:42:07.671  INFO  ID = 4001，SOCKET Connect Succeed
05/01/2019 00:42:07.843  INFO  测距模块初始化成功
05/01/2019 00:42:07.859  INFO  系统成功开机
05/01/2019 00:42:28.078  INFO  ID = 0，gcHeight = 129.940000
05/01/2019 00:42:29.171  INFO  ID = 6，gcHeight = 127.180000
05/01/2019 00:42:29.218  INFO  ID = 9，gcHeight = 127.520000
05/01/2019 00:42:29.265  INFO  ID = 11，gcHeight = 130.920000
05/01/2019 00:43:28.296  INFO  管片调整线程已退出
05/01/2019 00:43:28.328  INFO  PLC监控线程已退出
05/01/2019 00:43:29.328  INFO  传感器监听线程结束
05/01/2019 00:43:29.328  INFO  测距模块反初始化完成
05/01/2019 00:43:29.328  INFO  系统已经关机
05/01/2019 00:46:03.375  INFO  ID = 4004，SOCKET Connect Succeed
05/01/2019 00:46:03.390  INFO  ID = 4001，SOCKET Connect Succeed
05/01/2019 00:46:03.562  INFO  测距模块初始化成功
05/01/2019 00:46:03.578  INFO  系统成功开机
05/01/2019 00:53:33.703  INFO  管片调整线程已退出
05/01/2019 00:53:33.718  INFO  PLC监控线程已退出
05/01/2019 00:53:36.328  INFO  传感器监听线程结束
05/01/2019 00:53:36.343  INFO  测距模块反初始化完成
05/01/2019 13:43:48.640  INFO  测距模块初始化失败，系统开机失败
05/01/2019 13:46:13.953  INFO  PLC初始化失败，系统开机失败，请检查线路连接
05/01/2019 16:37:00.750  INFO  ID = 4004，SOCKET Connect Succeed
05/01/2019 16:37:00.796  INFO  ID = 4001，SOCKET Connect Succeed
05/01/2019 16:37:00.953  INFO  测距模块初始化成功
05/01/2019 16:37:06.968  INFO  图像模块相机 0,1,未连接，系统开机失败
05/01/2019 16:39:41.671  INFO  PLC初始化失败，系统开机失败，请检查线路连接
05/01/2019 16:39:54.031  INFO  ID = 4004，SOCKET Connect Succeed
05/01/2019 16:39:54.046  INFO  ID = 4001，SOCKET Connect Succeed
05/01/2019 16:39:55.203  INFO  测距模块初始化成功
05/01/2019 16:39:55.218  INFO  系统成功开机
05/01/2019 16:40:08.796  INFO  ID = 0，gCaliValue = 76.200000
05/01/2019 16:40:08.984  INFO  ID = 6，gCaliValue = 57.430000
05/01/2019 16:40:08.031  INFO  ID = 9，gCaliValue = 15.690000
05/01/2019 16:40:08.078  INFO  ID = 11，gCaliValue = 21.470000
05/01/2019 16:44:51.703  INFO  管片调整线程已退出
05/01/2019 16:44:51.796  INFO  PLC监控线程已退出
05/01/2019 16:44:54.109  INFO  传感器监听线程结束
05/01/2019 16:44:54.125  INFO  测距模块反初始化完成
05/01/2019 17:03:26.421  INFO  ID = 4004，SOCKET Connect Succeed
05/01/2019 17:03:26.421  INFO  ID = 4001，SOCKET Connect Succeed
05/01/2019 17:03:26.593  INFO  测距模块初始化成功
05/01/2019 17:03:26.609  INFO  系统成功开机
05/01/2019 17:17:49.500  INFO  管片调整线程已退出
05/01/2019 17:17:49.562  INFO  PLC监控线程已退出
05/01/2019 17:17:52.593  INFO  传感器监听线程结束
05/01/2019 17:17:52.593  INFO  测距模块反初始化完成
05/01/2019 17:18:10.031  INFO  ID = 4004，SOCKET Connect Succeed
05/01/2019 17:18:10.046  INFO  ID = 4001，SOCKET Connect Succeed
05/01/2019 17:18:11.218  INFO  测距模块初始化成功
05/01/2019 17:18:11.296  INFO  系统成功开机
05/01/2019 17:31:20.421  INFO  ID = 4004，SOCKET Connect Succeed
05/01/2019 17:31:20.437  INFO  ID = 4001，SOCKET Connect Succeed
05/01/2019 17:31:20.609  INFO  测距模块初始化成功
05/01/2019 17:31:20.625  INFO  系统成功开机
05/01/2019 18:03:58.578  INFO  ID = 4004，SOCKET Connect Succeed
05/01/2019 18:03:58.593  INFO  ID = 4001，SOCKET Connect Succeed
05/01/2019 18:03:58.765  INFO  测距模块初始化成功
05/01/2019 18:03:58.781  INFO  系统成功开机
05/01/2019 18:04:11.296  INFO  ID = 0，gCaliValue = 71.220000
05/01/2019 18:04:11.390  INFO  ID = 6，gCaliValue = 50.220000
05/01/2019 18:04:11.437  INFO  ID = 9，gCaliValue = 12.610000
05/01/2019 18:04:11.500  INFO  ID = 11，gCaliValue = 17.950000
05/01/2019 18:05:57.375  INFO  ID = 0，gcHeight = 123.460000
05/01/2019 18:05:57.468  INFO  ID = 6，gcHeight = 125.900000
05/01/2019 18:05:57.515  INFO  ID = 9，gcHeight = 117.150000
05/01/2019 18:05:57.562  INFO  ID = 11，gcHeight = 115.230000
05/01/2019 18:09:39.421  INFO  管片调整线程已退出
05/01/2019 18:09:39.453  INFO  PLC监控线程已退出
05/01/2019 18:09:42.468  INFO  传感器监听线程结束
05/01/2019 18:09:42.468  INFO  测距模块反初始化完成
05/01/2019 18:09:42.484  INFO  系统已经关机
05/01/2019 20:47:59.375  INFO  ID = 4004，SOCKET Connect Succeed
05/01/2019 20:47:59.406  INFO  ID = 4001，SOCKET Connect Succeed
05/01/2019 20:47:59.562  INFO  测距模块初始化成功
05/01/2019 20:47:59.578  INFO  系统成功开机
05/01/2019 20:48:14.234  INFO  ID = 0，gCaliValue = 78.330000
05/01/2019 20:48:14.343  INFO  ID = 6，gCaliValue = 56.680000
05/01/2019 20:48:14.390  INFO  ID = 9，gCaliValue = 15.650000
05/01/2019 20:48:14.453  INFO  ID = 11，gCaliValue = 21.610000
05/01/2019 21:03:05.484  INFO  ID = 4004，SOCKET Connect Succeed
05/01/2019 21:03:05.500  INFO  ID = 4001，SOCKET Connect Succeed
05/01/2019 21:03:05.656  INFO  测距模块初始化成功
05/01/2019 21:03:05.937  INFO  系统成功开机
05/01/2019 21:05:11.531  INFO  ID = 4004，SOCKET Connect Succeed
05/01/2019 21:05:11.546  INFO  ID = 4001，SOCKET Connect Succeed
05/01/2019 21:05:11.703  INFO  测距模块初始化成功
05/01/2019 21:05:11.890  INFO  系统成功开机
05/01/2019 21:14:51.406  INFO  ID = 4004，SOCKET Connect Succeed
05/01/2019 21:14:51.421  INFO  ID = 4001，SOCKET Connect Succeed
05/01/2019 21:14:51.578  INFO  测距模块初始化成功
05/01/2019 21:14:51.609  INFO  系统成功开机
05/01/2019 21:21:31.796  INFO  管片调整线程已退出
05/01/2019 21:21:31.812  INFO  PLC监控线程已退出
05/01/2019 21:21:36.750  INFO  传感器监听线程结束
05/01/2019 21:21:36.750  INFO  测距模块反初始化完成
05/01/2019 21:56:11.390  INFO  ID = 4004，SOCKET Connect Succeed
05/01/2019 21:56:11.406  INFO  ID = 4001，SOCKET Connect Succeed
05/01/2019 21:56:11.578  INFO  测距模块初始化成功
05/01/2019 21:56:11.812  INFO  系统成功开机
05/01/2019 22:03:47.531  INFO  管片调整线程已退出
05/01/2019 22:03:47.609  INFO  PLC监控线程已退出
05/01/2019 22:03:52.750  INFO  传感器监听线程结束
05/01/2019 22:03:52.750  INFO  测距模块反初始化完成
05/01/2019 22:07:03.187  INFO  ID = 4004，SOCKET Connect Succeed
05/01/2019 22:07:03.203  INFO  ID = 4001，SOCKET Connect Succeed
05/01/2019 22:07:03.359  INFO  测距模块初始化成功
05/01/2019 22:07:03.437  INFO  系统成功开机
05/01/2019 22:07:59.156  INFO  管片调整线程已退出
05/01/2019 22:07:59.203  INFO  PLC监控线程已退出
05/01/2019 22:08:01.421  INFO  传感器监听线程结束
05/01/2019 22:08:01.421  INFO  测距模块反初始化完成
05/01/2019 22:10:45.312  INFO  ID = 4004，SOCKET Connect Succeed
05/01/2019 22:10:45.328  INFO  ID = 4001，SOCKET Connect Succeed
05/01/2019 22:10:45.484  INFO  测距模块初始化成功
05/01/2019 22:10:45.562  INFO  系统成功开机
05/01/2019 22:13:20.875  INFO  ID = 4004，SOCKET Connect Succeed
05/01/2019 22:13:20.875  INFO  ID = 4001，SOCKET Connect Succeed
05/01/2019 22:13:20.031  INFO  测距模块初始化成功
05/01/2019 22:13:21.109  INFO  系统成功开机
05/01/2019 22:35:05.000  INFO  ID = 4004，SOCKET Connect Succeed
05/01/2019 22:35:05.015  INFO  ID = 4001，SOCKET Connect Succeed
05/01/2019 22:35:06.171  INFO  测距模块初始化成功
05/01/2019 22:35:06.265  INFO  系统成功开机
05/01/2019 22:35:51.750  INFO  管片调整线程已退出
05/01/2019 22:35:51.812  INFO  PLC监控线程已退出
05/01/2019 22:35:56.640  INFO  传感器监听线程结束
05/01/2019 22:35:56.640  INFO  测距模块反初始化完成
05/01/2019 22:38:09.796  INFO  ID = 4004，SOCKET Connect Succeed
05/01/2019 22:38:09.812  INFO  ID = 4001，SOCKET Connect Succeed
05/01/2019 22:38:09.984  INFO  测距模块初始化成功
05/01/2019 22:38:09.046  INFO  系统成功开机
05/01/2019 22:51:22.937  INFO  ID = 4004，SOCKET Connect Succeed
05/01/2019 22:51:22.937  INFO  ID = 4001，SOCKET Connect Succeed
05/01/2019 22:51:22.093  INFO  测距模块初始化成功
05/01/2019 22:51:23.171  INFO  系统成功开机
05/01/2019 23:16:33.500  INFO  ID = 4004，SOCKET Connect Succeed
05/01/2019 23:16:33.515  INFO  ID = 4001，SOCKET Connect Succeed
05/01/2019 23:16:33.687  INFO  测距模块初始化成功
05/01/2019 23:16:33.765  INFO  系统成功开机
05/01/2019 23:19:04.187  INFO  ID = 4004，SOCKET Connect Succeed
05/01/2019 23:19:04.203  INFO  ID = 4001，SOCKET Connect Succeed
05/01/2019 23:19:04.359  INFO  测距模块初始化成功
05/01/2019 23:19:04.375  INFO  系统成功开机
05/01/2019 23:19:39.906  INFO  ID = 4004，SOCKET Connect Succeed
05/01/2019 23:19:39.906  INFO  ID = 4001，SOCKET Connect Succeed
05/01/2019 23:19:39.078  INFO  测距模块初始化成功
05/01/2019 23:19:40.156  INFO  系统成功开机
05/01/2019 23:20:51.093  INFO  ID = 4004，SOCKET Connect Succeed
05/01/2019 23:20:51.093  INFO  ID = 4001，SOCKET Connect Succeed
05/01/2019 23:20:52.265  INFO  测距模块初始化成功
05/01/2019 23:20:52.343  INFO  系统成功开机
05/01/2019 23:22:26.453  INFO  ID = 4004，SOCKET Connect Succeed
05/01/2019 23:22:26.468  INFO  ID = 4001，SOCKET Connect Succeed
05/01/2019 23:22:26.625  INFO  测距模块初始化成功
05/01/2019 23:22:26.703  INFO  系统成功开机
05/01/2019 23:27:09.593  INFO  ID = 4004，SOCKET Connect Succeed
05/01/2019 23:27:09.593  INFO  ID = 4001，SOCKET Connect Succeed
05/01/2019 23:27:09.765  INFO  测距模块初始化成功
05/01/2019 23:27:09.843  INFO  系统成功开机
05/01/2019 23:28:30.625  INFO  ID = 4004，SOCKET Connect Succeed
05/01/2019 23:28:30.640  INFO  ID = 4001，SOCKET Connect Succeed
05/01/2019 23:28:30.812  INFO  测距模块初始化成功
05/01/2019 23:28:30.890  INFO  系统成功开机
05/01/2019 23:30:21.875  INFO  ID = 4004，SOCKET Connect Succeed
05/01/2019 23:30:21.890  INFO  ID = 4001，SOCKET Connect Succeed
05/01/2019 23:30:21.046  INFO  测距模块初始化成功
05/01/2019 23:30:22.125  INFO  系统成功开机
05/01/2019 23:34:45.171  INFO  ID = 4004，SOCKET Connect Succeed
05/01/2019 23:34:45.187  INFO  ID = 4001，SOCKET Connect Succeed
05/01/2019 23:34:45.359  INFO  测距模块初始化成功
05/01/2019 23:34:45.421  INFO  系统成功开机
05/01/2019 23:35:17.765  INFO  ID = 4004，SOCKET Connect Succeed
05/01/2019 23:35:17.781  INFO  ID = 4001，SOCKET Connect Succeed
05/01/2019 23:35:17.953  INFO  测距模块初始化成功
05/01/2019 23:35:17.031  INFO  系统成功开机
05/01/2019 23:36:34.187  INFO  ID = 4004，SOCKET Connect Succeed
05/01/2019 23:36:34.187  INFO  ID = 4001，SOCKET Connect Succeed
05/01/2019 23:36:34.343  INFO  测距模块初始化成功
05/01/2019 23:36:34.437  INFO  系统成功开机
05/01/2019 23:56:33.968  INFO  ID = 4004，SOCKET Connect Succeed
05/01/2019 23:56:33.984  INFO  ID = 4001，SOCKET Connect Succeed
05/01/2019 23:56:34.140  INFO  测距模块初始化成功
05/01/2019 23:56:34.218  INFO  系统成功开机
06/01/2019 00:00:30.000  INFO  ID = 4004，SOCKET Connect Succeed
06/01/2019 00:00:30.015  INFO  ID = 4001，SOCKET Connect Succeed
06/01/2019 00:00:31.187  INFO  测距模块初始化成功
06/01/2019 00:00:31.265  INFO  系统成功开机
06/01/2019 00:17:57.406  INFO  ID = 4004，SOCKET Connect Succeed
06/01/2019 00:17:57.421  INFO  ID = 4001，SOCKET Connect Succeed
06/01/2019 00:17:57.593  INFO  测距模块初始化成功
06/01/2019 00:17:57.671  INFO  系统成功开机
06/01/2019 00:25:38.453  INFO  ID = 4004，SOCKET Connect Succeed
06/01/2019 00:25:38.468  INFO  ID = 4001，SOCKET Connect Succeed
06/01/2019 00:25:38.625  INFO  测距模块初始化成功
06/01/2019 00:25:38.703  INFO  系统成功开机
06/01/2019 00:29:10.734  INFO  ID = 4004，SOCKET Connect Succeed
06/01/2019 00:29:10.750  INFO  ID = 4001，SOCKET Connect Succeed
06/01/2019 00:29:10.906  INFO  测距模块初始化成功
06/01/2019 00:29:10.984  INFO  系统成功开机
06/01/2019 00:31:06.281  INFO  管片调整线程已退出
06/01/2019 00:31:06.375  INFO  PLC监控线程已退出
06/01/2019 00:31:09.890  INFO  传感器监听线程结束
06/01/2019 00:31:09.906  INFO  测距模块反初始化完成
06/01/2019 00:33:18.671  INFO  ID = 4004，SOCKET Connect Succeed
06/01/2019 00:33:18.687  INFO  ID = 4001，SOCKET Connect Succeed
06/01/2019 00:33:18.843  INFO  测距模块初始化成功
06/01/2019 00:33:18.859  INFO  系统成功开机
06/01/2019 00:33:29.625  INFO  ID = 0，gCaliValue = 81.950000
06/01/2019 00:33:29.718  INFO  ID = 6，gCaliValue = 42.650000
06/01/2019 00:33:29.765  INFO  ID = 9，gCaliValue = -2.570000
06/01/2019 00:33:29.828  INFO  ID = 11，gCaliValue = 22.860000
06/01/2019 00:34:28.546  INFO  ID = 0，gcHeight = 108.770000
06/01/2019 00:34:28.625  INFO  ID = 6，gcHeight = 139.140000
06/01/2019 00:34:28.687  INFO  ID = 9，gcHeight = 140.920000
06/01/2019 00:34:28.734  INFO  ID = 11，gcHeight = 105.510000
06/01/2019 00:45:14.812  INFO  管片调整线程已退出
06/01/2019 00:45:14.906  INFO  PLC监控线程已退出
06/01/2019 00:45:19.328  INFO  传感器监听线程结束
06/01/2019 00:45:19.343  INFO  测距模块反初始化完成
06/01/2019 00:45:19.343  INFO  系统已经关机
06/01/2019 00:48:26.406  INFO  ID = 4004，SOCKET Connect Succeed
06/01/2019 00:48:26.421  INFO  ID = 4001，SOCKET Connect Succeed
06/01/2019 00:48:26.578  INFO  测距模块初始化成功
06/01/2019 00:48:26.609  INFO  系统成功开机
06/01/2019 00:48:37.468  INFO  ID = 0，gCaliValue = 72.690000
06/01/2019 00:48:37.562  INFO  ID = 6，gCaliValue = 44.370000
06/01/2019 00:48:37.609  INFO  ID = 9，gCaliValue = -22.240000
06/01/2019 00:48:37.656  INFO  ID = 11，gCaliValue = -10.960000
06/01/2019 00:49:06.500  INFO  ID = 0，gcHeight = 132.520000
06/01/2019 00:49:06.593  INFO  ID = 6，gcHeight = 120.820000
06/01/2019 00:49:06.640  INFO  ID = 9，gcHeight = 139.680000
06/01/2019 00:49:06.687  INFO  ID = 11，gcHeight = 154.460000
06/01/2019 00:57:51.531  INFO  管片调整线程已退出
06/01/2019 00:57:51.609  INFO  PLC监控线程已退出
06/01/2019 00:57:56.546  INFO  传感器监听线程结束
06/01/2019 00:57:56.546  INFO  测距模块反初始化完成
06/01/2019 00:57:56.546  INFO  系统已经关机
06/01/2019 00:58:15.218  INFO  ID = 4004，SOCKET Connect Succeed
06/01/2019 00:58:15.234  INFO  ID = 4001，SOCKET Connect Succeed
06/01/2019 00:58:15.406  INFO  测距模块初始化成功
06/01/2019 00:58:15.421  INFO  系统成功开机
06/01/2019 01:00:02.890  INFO  管片调整线程已退出
06/01/2019 01:00:02.953  INFO  PLC监控线程已退出
06/01/2019 01:00:07.687  INFO  传感器监听线程结束
06/01/2019 01:00:07.687  INFO  测距模块反初始化完成
06/01/2019 11:57:56.562  INFO  系统成功开机
06/01/2019 11:58:01.593  INFO  管片调整线程已退出
06/01/2019 11:58:01.671  INFO  PLC监控线程已退出
06/01/2019 11:58:01.781  INFO  测距模块反初始化完成
06/01/2019 11:58:01.781  INFO  系统已经关机
06/01/2019 11:58:09.187  INFO  测距模块反初始化完成
06/01/2019 11:58:27.250  INFO  系统成功开机
06/01/2019 11:58:32.265  INFO  管片调整线程已退出
06/01/2019 11:58:32.359  INFO  PLC监控线程已退出
06/01/2019 11:58:32.453  INFO  测距模块反初始化完成
06/01/2019 11:58:32.453  INFO  系统已经关机
06/01/2019 11:58:36.890  INFO  测距模块反初始化完成
06/01/2019 12:34:46.765  INFO  系统成功开机
06/01/2019 12:34:51.765  INFO  管片调整线程已退出
06/01/2019 12:34:51.875  INFO  PLC监控线程已退出
06/01/2019 12:34:51.968  INFO  测距模块反初始化完成
06/01/2019 12:34:51.968  INFO  系统已经关机
06/01/2019 12:37:31.968  INFO  测距模块反初始化完成
06/01/2019 12:40:11.671  INFO  系统成功开机
06/01/2019 12:40:16.859  INFO  管片调整线程已退出
06/01/2019 12:40:16.890  INFO  PLC监控线程已退出
06/01/2019 12:40:16.000  INFO  测距模块反初始化完成
06/01/2019 12:43:00.312  INFO  系统成功开机
06/01/2019 12:43:05.312  INFO  管片调整线程已退出
06/01/2019 12:43:05.406  INFO  PLC监控线程已退出
06/01/2019 12:43:05.515  INFO  测距模块反初始化完成
06/01/2019 12:45:23.328  INFO  系统成功开机
06/01/2019 12:45:28.343  INFO  管片调整线程已退出
06/01/2019 12:45:28.406  INFO  PLC监控线程已退出
06/01/2019 12:45:28.515  INFO  测距模块反初始化完成
06/01/2019 12:45:44.234  INFO  系统已经关机
06/01/2019 12:46:10.937  INFO  系统成功开机
06/01/2019 12:46:15.937  INFO  管片调整线程已退出
06/01/2019 12:46:15.968  INFO  PLC监控线程已退出
06/01/2019 12:46:15.062  INFO  测距模块反初始化完成
06/01/2019 12:46:15.078  INFO  系统已经关机
06/01/2019 12:46:20.078  INFO  测距模块反初始化完成
08/01/2019 10:41:58.234  INFO  ID = 4004，SOCKET Connect Succeed
08/01/2019 10:41:58.312  INFO  ID = 4001，SOCKET Connect Succeed
08/01/2019 10:41:58.484  INFO  测距模块初始化成功
08/01/2019 10:42:04.500  INFO  图像模块相机 0,1,未连接，系统开机失败
08/01/2019 11:52:52.640  INFO  ID = 4004，SOCKET Connect Succeed
08/01/2019 11:52:52.656  INFO  ID = 4001，SOCKET Connect Succeed
08/01/2019 11:52:52.812  INFO  测距模块初始化成功
08/01/2019 11:52:52.828  INFO  系统成功开机
08/01/2019 11:53:01.343  INFO  ID = 0，gCaliValue = 82.840000
08/01/2019 11:53:01.484  INFO  ID = 6，gCaliValue = 54.760000
08/01/2019 11:53:01.531  INFO  ID = 9，gCaliValue = 15.470000
08/01/2019 11:53:01.578  INFO  ID = 11，gCaliValue = 23.280000
08/01/2019 11:55:03.562  INFO  ID = 0，gCaliValue = 82.860000
08/01/2019 11:55:03.640  INFO  ID = 6，gCaliValue = 54.900000
08/01/2019 11:55:03.687  INFO  ID = 9，gCaliValue = 15.580000
08/01/2019 11:55:03.750  INFO  ID = 11，gCaliValue = 23.230000
08/01/2019 11:57:07.640  INFO  ID = 0，gcHeight = 99.400000
08/01/2019 11:57:07.718  INFO  ID = 6，gcHeight = 122.810000
08/01/2019 11:57:07.765  INFO  ID = 9，gcHeight = 93.090000
08/01/2019 11:57:07.812  INFO  ID = 11，gcHeight = 69.920000
08/01/2019 11:57:17.265  INFO  图像模块标定失败
08/01/2019 12:03:56.421  INFO  管片调整线程已退出
08/01/2019 12:03:56.437  INFO  PLC监控线程已退出
08/01/2019 12:03:57.953  INFO  传感器监听线程结束
08/01/2019 12:03:57.953  INFO  测距模块反初始化完成
08/01/2019 12:03:57.968  INFO  系统已经关机
08/01/2019 12:04:00.046  INFO  ID = 4004，SOCKET Connect Succeed
08/01/2019 12:04:00.062  INFO  ID = 4001，SOCKET Connect Succeed
08/01/2019 12:04:01.234  INFO  测距模块初始化成功
08/01/2019 12:04:04.250  INFO  图像模块相机 0,未连接，系统开机失败
08/01/2019 12:04:41.187  INFO  PLC初始化失败，系统开机失败，请检查线路连接
08/01/2019 12:05:14.562  INFO  ID = 4004，SOCKET Connect Succeed
08/01/2019 12:05:14.562  INFO  ID = 4001，SOCKET Connect Succeed
08/01/2019 12:05:14.734  INFO  测距模块初始化成功
08/01/2019 12:05:14.750  INFO  系统成功开机
08/01/2019 12:17:34.281  INFO  管片调整线程已退出
08/01/2019 12:17:34.296  INFO  PLC监控线程已退出
08/01/2019 12:17:38.921  INFO  传感器监听线程结束
08/01/2019 12:17:38.937  INFO  测距模块反初始化完成
08/01/2019 12:17:38.937  INFO  系统已经关机
08/01/2019 12:20:42.468  INFO  ID = 4004，SOCKET Connect Succeed
08/01/2019 12:20:42.468  INFO  ID = 4001，SOCKET Connect Succeed
08/01/2019 12:20:42.625  INFO  测距模块初始化成功
08/01/2019 12:20:42.640  INFO  系统成功开机
08/01/2019 12:25:22.843  INFO  ID = 4004，SOCKET Connect Succeed
08/01/2019 12:25:22.843  INFO  ID = 4001，SOCKET Connect Succeed
08/01/2019 12:25:22.015  INFO  测距模块初始化成功
08/01/2019 12:25:22.031  INFO  系统成功开机
08/01/2019 12:33:30.828  INFO  ID = 4004，SOCKET Connect Succeed
08/01/2019 12:33:30.843  INFO  ID = 4001，SOCKET Connect Succeed
08/01/2019 12:33:30.000  INFO  测距模块初始化成功
08/01/2019 12:33:30.015  INFO  系统成功开机
08/01/2019 12:34:38.937  INFO  管片调整线程已退出
08/01/2019 12:34:38.968  INFO  PLC监控线程已退出
08/01/2019 12:34:41.375  INFO  传感器监听线程结束
08/01/2019 12:34:41.390  INFO  测距模块反初始化完成
08/01/2019 12:34:41.390  INFO  系统已经关机
08/01/2019 12:40:32.812  INFO  ID = 4004，SOCKET Connect Succeed
08/01/2019 12:40:32.828  INFO  ID = 4001，SOCKET Connect Succeed
08/01/2019 12:40:32.984  INFO  测距模块初始化成功
08/01/2019 12:40:32.000  INFO  系统成功开机
08/01/2019 12:46:15.156  INFO  管片调整线程已退出
08/01/2019 12:46:15.203  INFO  PLC监控线程已退出
08/01/2019 12:46:18.625  INFO  传感器监听线程结束
08/01/2019 12:46:18.625  INFO  测距模块反初始化完成
08/01/2019 12:46:18.640  INFO  系统已经关机
08/01/2019 12:57:21.734  INFO  ID = 4004，SOCKET Connect Succeed
08/01/2019 12:57:21.734  INFO  ID = 4001，SOCKET Connect Succeed
08/01/2019 12:57:21.890  INFO  测距模块初始化成功
08/01/2019 12:57:21.906  INFO  系统成功开机
08/01/2019 13:03:05.828  INFO  ID = 4004，SOCKET Connect Succeed
08/01/2019 13:03:05.828  INFO  ID = 4001，SOCKET Connect Succeed
08/01/2019 13:03:05.000  INFO  测距模块初始化成功
08/01/2019 13:03:05.015  INFO  系统成功开机
08/01/2019 13:19:20.515  INFO  测距模块初始化失败，系统开机失败
08/01/2019 13:21:46.109  INFO  ID = 4004，SOCKET Connect Succeed
08/01/2019 13:21:47.109  INFO  ID = 4001，SOCKET Connect Succeed
08/01/2019 13:21:47.281  INFO  测距模块初始化成功
08/01/2019 13:21:47.296  INFO  系统成功开机
08/01/2019 13:24:50.234  INFO  ID = 0，gCaliValue = 83.000000
08/01/2019 13:24:50.328  INFO  ID = 6，gCaliValue = 52.130000
08/01/2019 13:24:50.375  INFO  ID = 9，gCaliValue = -17.890000
08/01/2019 13:24:50.421  INFO  ID = 11，gCaliValue = 2.440000
08/01/2019 13:26:01.890  INFO  ID = 0，gcHeight = 114.250000
08/01/2019 13:26:01.984  INFO  ID = 6，gcHeight = 116.380000
08/01/2019 13:26:01.031  INFO  ID = 9，gcHeight = 160.770000
08/01/2019 13:26:01.078  INFO  ID = 11，gcHeight = 148.810000
08/01/2019 13:33:07.406  INFO  ID = 4004，SOCKET Connect Succeed
08/01/2019 13:33:07.421  INFO  ID = 4001，SOCKET Connect Succeed
08/01/2019 13:33:07.578  INFO  测距模块初始化成功
08/01/2019 13:33:07.593  INFO  系统成功开机
08/01/2019 13:44:04.015  INFO  ID = 4004，SOCKET Connect Succeed
08/01/2019 13:44:04.031  INFO  ID = 4001，SOCKET Connect Succeed
08/01/2019 13:44:05.187  INFO  测距模块初始化成功
08/01/2019 13:44:05.203  INFO  系统成功开机
08/01/2019 13:45:27.453  INFO  ID = 4004，SOCKET Connect Succeed
08/01/2019 13:45:27.468  INFO  ID = 4001，SOCKET Connect Succeed
08/01/2019 13:45:27.640  INFO  测距模块初始化成功
08/01/2019 13:45:27.656  INFO  系统成功开机
08/01/2019 13:49:14.031  INFO  ID = 4004，SOCKET Connect Succeed
08/01/2019 13:49:14.046  INFO  ID = 4001，SOCKET Connect Succeed
08/01/2019 13:49:15.203  INFO  测距模块初始化成功
08/01/2019 13:49:15.218  INFO  系统成功开机
08/01/2019 13:49:18.000  INFO  ID = 0，gCaliValue = 75.820000
08/01/2019 13:49:18.078  INFO  ID = 6，gCaliValue = 59.750000
08/01/2019 13:49:19.125  INFO  ID = 9，gCaliValue = -13.710000
08/01/2019 13:49:19.187  INFO  ID = 11，gCaliValue = -1.460000
08/01/2019 13:50:31.625  INFO  ID = 0，gcHeight = 117.270000
08/01/2019 13:50:31.718  INFO  ID = 6，gcHeight = 118.730000
08/01/2019 13:50:31.765  INFO  ID = 9，gcHeight = 126.200000
08/01/2019 13:50:31.828  INFO  ID = 11，gcHeight = 113.040000
08/01/2019 13:57:01.859  INFO  管片调整线程已退出
08/01/2019 13:57:01.890  INFO  PLC监控线程已退出
08/01/2019 13:57:06.312  INFO  传感器监听线程结束
08/01/2019 13:57:06.328  INFO  测距模块反初始化完成
08/01/2019 13:57:06.328  INFO  系统已经关机
08/01/2019 14:04:31.234  INFO  ID = 4004，SOCKET Connect Succeed
08/01/2019 14:04:31.250  INFO  ID = 4001，SOCKET Connect Succeed
08/01/2019 14:04:31.421  INFO  测距模块初始化成功
08/01/2019 14:04:31.437  INFO  系统成功开机
08/01/2019 14:06:03.718  INFO  ID = 4004，SOCKET Connect Succeed
08/01/2019 14:06:03.718  INFO  ID = 4001，SOCKET Connect Succeed
08/01/2019 14:06:03.890  INFO  测距模块初始化成功
08/01/2019 14:06:03.906  INFO  系统成功开机
08/01/2019 14:08:14.640  INFO  管片调整线程已退出
08/01/2019 14:08:14.656  INFO  PLC监控线程已退出
08/01/2019 14:08:19.281  INFO  传感器监听线程结束
08/01/2019 14:08:19.281  INFO  测距模块反初始化完成
08/01/2019 14:08:19.281  INFO  系统已经关机
08/01/2019 14:11:03.171  INFO  ID = 4004，SOCKET Connect Succeed
08/01/2019 14:11:03.187  INFO  ID = 4001，SOCKET Connect Succeed
08/01/2019 14:11:03.343  INFO  测距模块初始化成功
08/01/2019 14:11:03.359  INFO  系统成功开机
08/01/2019 14:21:23.140  INFO  ID = 4004，SOCKET Connect Succeed
08/01/2019 14:21:23.156  INFO  ID = 4001，SOCKET Connect Succeed
08/01/2019 14:21:23.328  INFO  测距模块初始化成功
08/01/2019 14:21:23.343  INFO  系统成功开机
09/01/2019 19:45:48.015  INFO  ID = 4004，SOCKET Connect Succeed
09/01/2019 19:45:49.171  INFO  ID = 4001，SOCKET Connect Succeed
09/01/2019 19:45:49.328  INFO  测距模块初始化成功
09/01/2019 19:45:55.343  INFO  图像模块相机 6,7,未连接，系统开机失败
09/01/2019 21:56:40.312  INFO  ID = 4004，SOCKET Connect Succeed
09/01/2019 21:56:40.328  INFO  ID = 4001，SOCKET Connect Succeed
09/01/2019 21:56:40.500  INFO  测距模块初始化成功
09/01/2019 21:56:40.515  INFO  系统成功开机
09/01/2019 21:56:57.015  INFO  ID = 13，rCaliValue = -22.720000
09/01/2019 22:04:01.500  INFO  ID = 4004，SOCKET Connect Succeed
09/01/2019 22:04:01.500  INFO  ID = 4001，SOCKET Connect Succeed
09/01/2019 22:04:01.671  INFO  测距模块初始化成功
09/01/2019 22:04:01.687  INFO  系统成功开机
09/01/2019 22:04:13.328  INFO  ID = 13，rCaliValue = -22.600000
09/01/2019 22:04:13.375  INFO  ID = 15，rCaliValue = -16.000000
09/01/2019 22:04:13.421  INFO  ID = 17，rCaliValue = -49.300000
09/01/2019 22:04:13.468  INFO  ID = 19，rCaliValue = 8.700000
09/01/2019 22:04:13.468  INFO  测距模块标定命令成功执行
09/01/2019 22:05:33.390  INFO  ID = 13，rcHeight = 129.810000
09/01/2019 22:05:33.437  INFO  ID = 15，rcHeight = 141.700000
09/01/2019 22:05:33.484  INFO  ID = 17，rcHeight = 186.550000
09/01/2019 22:05:33.546  INFO  ID = 19，rcHeight = 125.440000
09/01/2019 22:05:33.546  INFO  测距模块标定命令成功执行
09/01/2019 22:10:14.281  INFO  管片调整线程已退出
09/01/2019 22:10:14.343  INFO  PLC监控线程已退出
09/01/2019 22:10:18.171  INFO  传感器监听线程结束
09/01/2019 22:10:18.187  INFO  测距模块反初始化完成
09/01/2019 22:10:18.187  INFO  系统已经关机
09/01/2019 22:10:37.656  INFO  ID = 4004，SOCKET Connect Succeed
09/01/2019 22:10:37.671  INFO  ID = 4001，SOCKET Connect Succeed
09/01/2019 22:10:37.843  INFO  测距模块初始化成功
09/01/2019 22:10:37.859  INFO  系统成功开机
09/01/2019 22:13:09.953  INFO  ID = 4004，SOCKET Connect Succeed
09/01/2019 22:13:09.968  INFO  ID = 4001，SOCKET Connect Succeed
09/01/2019 22:13:10.125  INFO  测距模块初始化成功
09/01/2019 22:13:10.140  INFO  系统成功开机
09/01/2019 22:13:21.671  INFO  PLC输入命令写入成功
09/01/2019 22:13:58.703  INFO  PLC输入命令写入成功
09/01/2019 22:16:58.687  INFO  ID = 4004，SOCKET Connect Succeed
09/01/2019 22:16:58.703  INFO  ID = 4001，SOCKET Connect Succeed
09/01/2019 22:16:58.875  INFO  测距模块初始化成功
09/01/2019 22:16:58.890  INFO  系统成功开机
09/01/2019 22:26:14.703  INFO  ID = 4004，SOCKET Connect Succeed
09/01/2019 22:26:14.718  INFO  ID = 4001，SOCKET Connect Succeed
09/01/2019 22:26:14.875  INFO  测距模块初始化成功
09/01/2019 22:26:14.890  INFO  系统成功开机
09/01/2019 22:27:42.593  INFO  ID = 4004，SOCKET Connect Succeed
09/01/2019 22:27:42.609  INFO  ID = 4001，SOCKET Connect Succeed
09/01/2019 22:27:42.765  INFO  测距模块初始化成功
09/01/2019 22:27:42.796  INFO  系统成功开机
09/01/2019 22:37:12.796  INFO  ID = 4004，SOCKET Connect Succeed
09/01/2019 22:37:12.796  INFO  ID = 4001，SOCKET Connect Succeed
09/01/2019 22:37:12.968  INFO  测距模块初始化成功
09/01/2019 22:37:12.984  INFO  系统成功开机
09/01/2019 22:37:20.062  INFO  ID = 13，rCaliValue = -24.060000
09/01/2019 22:37:21.109  INFO  ID = 15，rCaliValue = -21.690000
09/01/2019 22:37:21.171  INFO  ID = 17，rCaliValue = -46.350000
09/01/2019 22:37:21.218  INFO  ID = 19，rCaliValue = 9.080000
09/01/2019 22:37:21.218  INFO  测距模块标定命令成功执行
09/01/2019 22:38:47.453  INFO  ID = 17，rcHeight = 130.480000
09/01/2019 22:38:47.500  INFO  ID = 19，rcHeight = 134.380000
09/01/2019 22:38:58.109  INFO  ID = 17，rcHeight = 130.570000
09/01/2019 22:38:58.156  INFO  ID = 19，rcHeight = 134.300000
09/01/2019 22:39:05.296  INFO  ID = 17，rcHeight = 130.420000
09/01/2019 22:39:05.343  INFO  ID = 19，rcHeight = 134.360000
09/01/2019 22:51:41.750  INFO  ID = 13，rCaliValue = 45.480000
09/01/2019 22:51:41.796  INFO  ID = 15，rCaliValue = 45.290000
09/01/2019 22:51:41.843  INFO  ID = 17，rCaliValue = -42.430000
09/01/2019 22:51:41.890  INFO  ID = 19，rCaliValue = 13.570000
09/01/2019 22:51:41.890  INFO  测距模块标定命令成功执行
09/01/2019 22:52:28.359  INFO  ID = 13，rcHeight = 69.900000
09/01/2019 22:52:28.406  INFO  ID = 15，rcHeight = 80.520000
09/01/2019 22:52:28.453  INFO  ID = 17，rcHeight = 117.950000
09/01/2019 22:52:28.500  INFO  ID = 19，rcHeight = 121.620000
09/01/2019 22:52:28.500  INFO  测距模块标定命令成功执行
09/01/2019 23:00:11.828  INFO  ID = 4004，SOCKET Connect Succeed
09/01/2019 23:00:11.828  INFO  ID = 4001，SOCKET Connect Succeed
09/01/2019 23:00:11.984  INFO  测距模块初始化成功
09/01/2019 23:00:11.000  INFO  系统成功开机
09/01/2019 23:08:59.109  INFO  图像模块标定失败
09/01/2019 23:09:19.578  INFO  ID = 4004，SOCKET Connect Succeed
09/01/2019 23:09:19.593  INFO  ID = 4001，SOCKET Connect Succeed
09/01/2019 23:09:19.750  INFO  测距模块初始化成功
09/01/2019 23:09:19.765  INFO  系统成功开机
09/01/2019 23:15:46.359  INFO  PLC输入命令写入成功
09/01/2019 23:19:57.531  INFO  ID = 4004，SOCKET Connect Succeed
09/01/2019 23:19:57.531  INFO  ID = 4001，SOCKET Connect Succeed
09/01/2019 23:19:57.703  INFO  测距模块初始化成功
09/01/2019 23:19:57.718  INFO  系统成功开机
09/01/2019 23:20:06.593  INFO  PLC输入命令写入成功
09/01/2019 23:23:34.281  INFO  ID = 4004，SOCKET Connect Succeed
09/01/2019 23:23:34.296  INFO  ID = 4001，SOCKET Connect Succeed
09/01/2019 23:23:34.468  INFO  测距模块初始化成功
09/01/2019 23:23:34.484  INFO  系统成功开机
09/01/2019 23:23:49.406  INFO  PLC输入命令写入成功
09/01/2019 23:30:18.093  INFO  ID = 4004，SOCKET Connect Succeed
09/01/2019 23:30:18.109  INFO  ID = 4001，SOCKET Connect Succeed
09/01/2019 23:30:19.265  INFO  测距模块初始化成功
09/01/2019 23:30:19.281  INFO  系统成功开机
09/01/2019 23:30:29.203  INFO  PLC输入命令写入成功
09/01/2019 23:32:52.125  INFO  ID = 4004，SOCKET Connect Succeed
09/01/2019 23:32:52.140  INFO  ID = 4001，SOCKET Connect Succeed
09/01/2019 23:32:52.296  INFO  测距模块初始化成功
09/01/2019 23:32:52.312  INFO  系统成功开机
09/01/2019 23:33:04.171  INFO  PLC输入命令写入成功
09/01/2019 23:33:56.375  INFO  ID = 4004，SOCKET Connect Succeed
09/01/2019 23:33:56.390  INFO  ID = 4001，SOCKET Connect Succeed
09/01/2019 23:33:56.562  INFO  测距模块初始化成功
09/01/2019 23:33:56.578  INFO  系统成功开机
09/01/2019 23:34:03.078  INFO  PLC输入命令写入成功
09/01/2019 23:41:55.468  INFO  ID = 4004，SOCKET Connect Succeed
09/01/2019 23:41:55.484  INFO  ID = 4001，SOCKET Connect Succeed
09/01/2019 23:41:55.656  INFO  测距模块初始化成功
09/01/2019 23:41:55.671  INFO  系统成功开机
09/01/2019 23:42:09.375  INFO  PLC输入命令写入成功
09/01/2019 23:42:34.875  INFO  ID = 13，rCaliValue = 49.260000
09/01/2019 23:42:34.921  INFO  ID = 15，rCaliValue = 41.040000
09/01/2019 23:42:34.968  INFO  ID = 17，rCaliValue = -43.440000
09/01/2019 23:42:34.015  INFO  ID = 19，rCaliValue = 6.370000
09/01/2019 23:42:34.015  INFO  测距模块标定命令成功执行
09/01/2019 23:44:24.234  INFO  ID = 13，rcHeight = 121.290000
09/01/2019 23:44:24.281  INFO  ID = 15，rcHeight = 136.490000
09/01/2019 23:44:24.328  INFO  ID = 17，rcHeight = 128.070000
09/01/2019 23:44:24.375  INFO  ID = 19，rcHeight = 139.260000
09/01/2019 23:44:24.375  INFO  测距模块标定命令成功执行
09/01/2019 23:48:47.500  INFO  PLC输入命令写入成功
09/01/2019 23:53:54.390  INFO  ID = 13，rCaliValue = 50.420000
09/01/2019 23:53:54.437  INFO  ID = 15，rCaliValue = 49.300000
09/01/2019 23:53:54.500  INFO  ID = 17，rCaliValue = -45.230000
09/01/2019 23:53:54.546  INFO  ID = 19，rCaliValue = 9.660000
09/01/2019 23:53:54.546  INFO  测距模块标定命令成功执行
09/01/2019 23:54:29.687  INFO  ID = 13，rcHeight = 120.740000
09/01/2019 23:54:29.734  INFO  ID = 15，rcHeight = 131.250000
09/01/2019 23:54:29.781  INFO  ID = 17，rcHeight = 127.430000
09/01/2019 23:54:29.843  INFO  ID = 19，rcHeight = 134.840000
09/01/2019 23:54:29.843  INFO  测距模块标定命令成功执行
10/01/2019 00:13:38.312  INFO  ID = 4004，SOCKET Connect Succeed
10/01/2019 00:13:38.312  INFO  ID = 4001，SOCKET Connect Succeed
10/01/2019 00:13:38.468  INFO  测距模块初始化成功
10/01/2019 00:13:38.484  INFO  系统成功开机
10/01/2019 00:13:47.156  INFO  ID = 13，rCaliValue = 52.090000
10/01/2019 00:13:47.203  INFO  ID = 15，rCaliValue = 51.550000
10/01/2019 00:13:47.250  INFO  ID = 17，rCaliValue = -47.930000
10/01/2019 00:13:47.296  INFO  ID = 19，rCaliValue = 7.320000
10/01/2019 00:13:47.296  INFO  测距模块标定命令成功执行
10/01/2019 00:14:33.078  INFO  ID = 13，rcHeight = 124.440000
10/01/2019 00:14:34.125  INFO  ID = 15，rcHeight = 128.010000
10/01/2019 00:14:34.171  INFO  ID = 17，rcHeight = 132.630000
10/01/2019 00:14:34.218  INFO  ID = 19，rcHeight = 135.130000
10/01/2019 00:14:34.218  INFO  测距模块标定命令成功执行
10/01/2019 00:16:58.203  INFO  PLC输入命令写入成功
10/01/2019 00:23:15.546  INFO  ID = 4004，SOCKET Connect Succeed
10/01/2019 00:23:15.546  INFO  ID = 4001，SOCKET Connect Succeed
10/01/2019 00:23:15.718  INFO  测距模块初始化成功
10/01/2019 00:23:15.734  INFO  系统成功开机
10/01/2019 00:23:21.687  INFO  PLC输入命令写入成功
10/01/2019 14:54:35.015  INFO  ID = 4004，SOCKET Connect Succeed
10/01/2019 14:54:35.031  INFO  ID = 4001，SOCKET Connect Succeed
10/01/2019 14:54:36.187  INFO  测距模块初始化成功
10/01/2019 14:54:36.234  INFO  系统成功开机
10/01/2019 14:54:46.375  INFO  ID = 13，rCaliValue = 37.620000
10/01/2019 14:54:46.421  INFO  ID = 15，rCaliValue = 43.680000
10/01/2019 14:54:46.468  INFO  ID = 17，rCaliValue = -41.450000
10/01/2019 14:54:46.515  INFO  ID = 19，rCaliValue = 19.030000
10/01/2019 14:54:46.515  INFO  测距模块标定命令成功执行
10/01/2019 14:54:55.796  INFO  PLC输入命令写入成功
10/01/2019 14:56:15.687  INFO  ID = 13，rcHeight = 138.630000
10/01/2019 14:56:15.734  INFO  ID = 15，rcHeight = 129.010000
10/01/2019 14:56:15.781  INFO  ID = 17，rcHeight = 114.070000
10/01/2019 14:56:15.828  INFO  ID = 19，rcHeight = 107.170000
10/01/2019 14:56:15.843  INFO  测距模块标定命令成功执行
10/01/2019 15:04:27.843  INFO  ID = 4004，SOCKET Connect Succeed
10/01/2019 15:04:27.859  INFO  ID = 4001，SOCKET Connect Succeed
10/01/2019 15:04:27.015  INFO  测距模块初始化成功
10/01/2019 15:04:27.031  INFO  系统成功开机
10/01/2019 15:04:59.031  INFO  PLC输入命令写入成功
10/01/2019 15:06:54.250  INFO  PLC输入命令写入成功
10/01/2019 15:17:44.796  INFO  ID = 4004，SOCKET Connect Succeed
10/01/2019 15:17:44.812  INFO  ID = 4001，SOCKET Connect Succeed
10/01/2019 15:17:44.968  INFO  测距模块初始化成功
10/01/2019 15:17:44.000  INFO  系统成功开机
10/01/2019 15:19:36.812  INFO  ID = 13，rCaliValue = 41.280000
10/01/2019 15:19:36.859  INFO  ID = 15，rCaliValue = 45.470000
10/01/2019 15:19:36.906  INFO  ID = 17，rCaliValue = -42.030000
10/01/2019 15:19:36.953  INFO  ID = 19，rCaliValue = 16.650000
10/01/2019 15:19:36.953  INFO  测距模块标定命令成功执行
10/01/2019 15:20:08.906  INFO  ID = 13，rcHeight = 120.470000
10/01/2019 15:20:08.953  INFO  ID = 15，rcHeight = 115.780000
10/01/2019 15:20:08.000  INFO  ID = 17，rcHeight = 124.300000
10/01/2019 15:20:08.062  INFO  ID = 19，rcHeight = 121.450000
10/01/2019 15:20:08.062  INFO  测距模块标定命令成功执行
10/01/2019 15:20:32.921  INFO  PLC输入命令写入成功
10/01/2019 15:26:18.125  INFO  管片调整线程已退出
10/01/2019 15:26:18.125  INFO  PLC监控线程已退出
10/01/2019 15:26:22.453  INFO  传感器监听线程结束
10/01/2019 15:26:22.468  INFO  测距模块反初始化完成
10/01/2019 15:26:22.468  INFO  系统已经关机
10/01/2019 15:26:40.953  INFO  ID = 4004，SOCKET Connect Succeed
10/01/2019 15:26:40.968  INFO  ID = 4001，SOCKET Connect Succeed
10/01/2019 15:26:41.140  INFO  测距模块初始化成功
10/01/2019 15:26:41.156  INFO  系统成功开机
10/01/2019 15:27:13.187  INFO  ID = 13，rCaliValue = 48.830000
10/01/2019 15:27:13.234  INFO  ID = 15，rCaliValue = 50.900000
10/01/2019 15:27:13.281  INFO  ID = 17，rCaliValue = -44.840000
10/01/2019 15:27:13.328  INFO  ID = 19，rCaliValue = 11.840000
10/01/2019 15:27:13.328  INFO  测距模块标定命令成功执行
10/01/2019 15:27:19.828  INFO  PLC输入命令写入成功
10/01/2019 15:28:12.671  INFO  ID = 13，rcHeight = 113.990000
10/01/2019 15:28:12.718  INFO  ID = 15，rcHeight = 112.330000
10/01/2019 15:28:12.765  INFO  ID = 17，rcHeight = 127.010000
10/01/2019 15:28:12.828  INFO  ID = 19，rcHeight = 126.440000
10/01/2019 15:28:12.828  INFO  测距模块标定命令成功执行
10/01/2019 15:32:13.390  INFO  管片调整线程已退出
10/01/2019 15:32:13.437  INFO  PLC监控线程已退出
10/01/2019 15:32:17.062  INFO  传感器监听线程结束
10/01/2019 15:32:17.062  INFO  测距模块反初始化完成
10/01/2019 15:32:17.078  INFO  系统已经关机
10/01/2019 15:40:46.796  INFO  ID = 4004，SOCKET Connect Succeed
10/01/2019 15:40:46.796  INFO  ID = 4001，SOCKET Connect Succeed
10/01/2019 15:40:46.953  INFO  测距模块初始化成功
10/01/2019 15:40:46.968  INFO  系统成功开机
10/01/2019 15:40:50.921  INFO  PLC输入命令写入成功
10/01/2019 15:45:46.015  INFO  管片调整线程已退出
10/01/2019 15:45:46.078  INFO  PLC监控线程已退出
10/01/2019 15:45:51.406  INFO  传感器监听线程结束
10/01/2019 15:45:51.406  INFO  测距模块反初始化完成
10/01/2019 15:45:51.406  INFO  系统已经关机
26/04/2019 22:29:19.468  INFO  系统成功开机
26/04/2019 23:04:09.359  INFO  系统成功开机
